-------------------------------------
2014-04-30 02:30:02 Sync Scientific Linux repositories...
-------------------------------------
receiving incremental file list

sent 32 bytes  received 223054 bytes  29744.80 bytes/sec
total size is 5396042768  speedup is 24188.17

Saving Primary metadata
Saving file lists metadata
Saving other metadata
Generating sqlite DBs
Sqlite DBs complete
receiving incremental file list

sent 32 bytes  received 231653 bytes  51485.56 bytes/sec
total size is 5413284772  speedup is 23364.85

Saving Primary metadata
Saving file lists metadata
Saving other metadata
Generating sqlite DBs
Sqlite DBs complete
receiving incremental file list

sent 32 bytes  received 222082 bytes  63461.14 bytes/sec
total size is 5492618176  speedup is 24728.82

Saving Primary metadata
Saving file lists metadata
Saving other metadata
Generating sqlite DBs
Sqlite DBs complete
receiving incremental file list

sent 32 bytes  received 224362 bytes  40798.91 bytes/sec
total size is 5549490444  speedup is 24731.01

Saving Primary metadata
Saving file lists metadata
Saving other metadata
Generating sqlite DBs
Sqlite DBs complete
receiving incremental file list

sent 32 bytes  received 226606 bytes  41206.91 bytes/sec
total size is 5639351132  speedup is 24882.64

Saving Primary metadata
Saving file lists metadata
Saving other metadata
Generating sqlite DBs
Sqlite DBs complete
receiving incremental file list
./

sent 43 bytes  received 256956 bytes  27052.53 bytes/sec
total size is 14804301723  speedup is 57604.51
Spawning worker 0 with 68 pkgs
Workers Finished
Gathering worker results

Saving Primary metadata
Saving file lists metadata
Saving other metadata
Generating sqlite DBs
Sqlite DBs complete
receiving incremental file list
./

sent 43 bytes  received 212248 bytes  32660.15 bytes/sec
total size is 13045986237  speedup is 61453.32
Spawning worker 0 with 18 pkgs
Workers Finished
Gathering worker results

Saving Primary metadata
Saving file lists metadata
Saving other metadata
Generating sqlite DBs
Sqlite DBs complete
receiving incremental file list
./

sent 43 bytes  received 171545 bytes  26398.15 bytes/sec
total size is 10255325198  speedup is 59767.15

Saving Primary metadata
Saving file lists metadata
Saving other metadata
Generating sqlite DBs
Sqlite DBs complete
receiving incremental file list
./

sent 43 bytes  received 121140 bytes  22033.27 bytes/sec
total size is 6066512833  speedup is 50060.76
Spawning worker 0 with 6 pkgs
Workers Finished
Gathering worker results

Saving Primary metadata
Saving file lists metadata
Saving other metadata
Generating sqlite DBs
Sqlite DBs complete
receiving incremental file list
./
fastbugs/
fastbugs/libblkid-2.17.2-12.14.el6_5.i686.rpm
fastbugs/libblkid-2.17.2-12.14.el6_5.x86_64.rpm
fastbugs/libblkid-devel-2.17.2-12.14.el6_5.i686.rpm
fastbugs/libblkid-devel-2.17.2-12.14.el6_5.x86_64.rpm
fastbugs/libuuid-2.17.2-12.14.el6_5.i686.rpm
fastbugs/libuuid-2.17.2-12.14.el6_5.x86_64.rpm
fastbugs/libuuid-devel-2.17.2-12.14.el6_5.i686.rpm
fastbugs/libuuid-devel-2.17.2-12.14.el6_5.x86_64.rpm
fastbugs/pacemaker-1.1.10-14.el6_5.3.x86_64.rpm
fastbugs/pacemaker-cli-1.1.10-14.el6_5.3.x86_64.rpm
fastbugs/pacemaker-cluster-libs-1.1.10-14.el6_5.3.i686.rpm
fastbugs/pacemaker-cluster-libs-1.1.10-14.el6_5.3.x86_64.rpm
fastbugs/pacemaker-cts-1.1.10-14.el6_5.3.x86_64.rpm
fastbugs/pacemaker-doc-1.1.10-14.el6_5.3.x86_64.rpm
fastbugs/pacemaker-libs-1.1.10-14.el6_5.3.i686.rpm
fastbugs/pacemaker-libs-1.1.10-14.el6_5.3.x86_64.rpm
fastbugs/pacemaker-libs-devel-1.1.10-14.el6_5.3.i686.rpm
fastbugs/pacemaker-libs-devel-1.1.10-14.el6_5.3.x86_64.rpm
fastbugs/pacemaker-remote-1.1.10-14.el6_5.3.x86_64.rpm
fastbugs/polkit-gnome-0.96-4.el6.i686.rpm
fastbugs/polkit-gnome-0.96-4.el6.x86_64.rpm
fastbugs/polkit-gnome-devel-0.96-4.el6.i686.rpm
fastbugs/polkit-gnome-devel-0.96-4.el6.x86_64.rpm
fastbugs/polkit-gnome-docs-0.96-4.el6.x86_64.rpm
fastbugs/rp-pppoe-3.10-11.el6.x86_64.rpm
fastbugs/util-linux-ng-2.17.2-12.14.el6_5.i686.rpm
fastbugs/util-linux-ng-2.17.2-12.14.el6_5.x86_64.rpm
fastbugs/uuidd-2.17.2-12.14.el6_5.x86_64.rpm
fastbugs/repodata/
fastbugs/repodata/e9a503d230ec6400c0fa35f6ec9c4ab415a77b31e54420192d8003fc0b5f89d5-updateinfo.xml.bz2
fastbugs/repodata/filelists.sqlite.bz2
fastbugs/repodata/filelists.xml.gz
fastbugs/repodata/other.sqlite.bz2
fastbugs/repodata/other.xml.gz
fastbugs/repodata/primary.sqlite.bz2
fastbugs/repodata/primary.xml.gz
fastbugs/repodata/repomd.xml
fastbugs/repodata/updateinfo.xml
fastbugs/repoview/
fastbugs/repoview/applications.system.group.html
fastbugs/repoview/development.libraries.group.html
fastbugs/repoview/index.html
fastbugs/repoview/latest-feed.xml
fastbugs/repoview/letter_l.group.html
fastbugs/repoview/letter_p.group.html
fastbugs/repoview/letter_r.group.html
fastbugs/repoview/letter_u.group.html
fastbugs/repoview/libblkid-devel.html
fastbugs/repoview/libblkid.html
fastbugs/repoview/libuuid-devel.html
fastbugs/repoview/libuuid.html
fastbugs/repoview/pacemaker-cli.html
fastbugs/repoview/pacemaker-cluster-libs.html
fastbugs/repoview/pacemaker-cts.html
fastbugs/repoview/pacemaker-doc.html
fastbugs/repoview/pacemaker-libs-devel.html
fastbugs/repoview/pacemaker-libs.html
fastbugs/repoview/pacemaker-remote.html
fastbugs/repoview/pacemaker.html
fastbugs/repoview/polkit-gnome-devel.html
fastbugs/repoview/polkit-gnome-docs.html
fastbugs/repoview/polkit-gnome.html
fastbugs/repoview/rp-pppoe.html
fastbugs/repoview/state.sqlite
fastbugs/repoview/system_environment.base.group.html
fastbugs/repoview/system_environment.daemons.group.html
fastbugs/repoview/util-linux-ng.html
fastbugs/repoview/uuidd.html
security/repodata/
security/repodata/f0f6bc751ce5e6ad800932e441a7cc12487cdeba64455c597a8c4b5e179621b7-updateinfo.xml.bz2
security/repodata/repomd.xml
security/repodata/updateinfo.xml

sent 31296 bytes  received 28396775 bytes  45667.58 bytes/sec
total size is 2389061475  speedup is 84.04
Spawning worker 0 with 35 pkgs
Workers Finished
Gathering worker results

Saving Primary metadata
Saving file lists metadata
Saving other metadata
Generating sqlite DBs
Sqlite DBs complete
-------------------------------------
2014-04-30 02:55:31 Sync Scientific Linux 6x repositories...
-------------------------------------
receiving incremental file list

sent 32 bytes  received 226606 bytes  34867.38 bytes/sec
total size is 5639351132  speedup is 24882.64

Saving Primary metadata
Saving file lists metadata
Saving other metadata
Generating sqlite DBs
Sqlite DBs complete
receiving incremental file list
./
fastbugs/
fastbugs/libblkid-2.17.2-12.14.el6_5.i686.rpm
fastbugs/libblkid-2.17.2-12.14.el6_5.x86_64.rpm
fastbugs/libblkid-devel-2.17.2-12.14.el6_5.i686.rpm
fastbugs/libblkid-devel-2.17.2-12.14.el6_5.x86_64.rpm
fastbugs/libuuid-2.17.2-12.14.el6_5.i686.rpm
fastbugs/libuuid-2.17.2-12.14.el6_5.x86_64.rpm
fastbugs/libuuid-devel-2.17.2-12.14.el6_5.i686.rpm
fastbugs/libuuid-devel-2.17.2-12.14.el6_5.x86_64.rpm
fastbugs/pacemaker-1.1.10-14.el6_5.3.x86_64.rpm
fastbugs/pacemaker-cli-1.1.10-14.el6_5.3.x86_64.rpm
fastbugs/pacemaker-cluster-libs-1.1.10-14.el6_5.3.i686.rpm
fastbugs/pacemaker-cluster-libs-1.1.10-14.el6_5.3.x86_64.rpm
fastbugs/pacemaker-cts-1.1.10-14.el6_5.3.x86_64.rpm
fastbugs/pacemaker-doc-1.1.10-14.el6_5.3.x86_64.rpm
fastbugs/pacemaker-libs-1.1.10-14.el6_5.3.i686.rpm
fastbugs/pacemaker-libs-1.1.10-14.el6_5.3.x86_64.rpm
fastbugs/pacemaker-libs-devel-1.1.10-14.el6_5.3.i686.rpm
fastbugs/pacemaker-libs-devel-1.1.10-14.el6_5.3.x86_64.rpm
fastbugs/pacemaker-remote-1.1.10-14.el6_5.3.x86_64.rpm
fastbugs/polkit-gnome-0.96-4.el6.i686.rpm
fastbugs/polkit-gnome-0.96-4.el6.x86_64.rpm
fastbugs/polkit-gnome-devel-0.96-4.el6.i686.rpm
fastbugs/polkit-gnome-devel-0.96-4.el6.x86_64.rpm
fastbugs/polkit-gnome-docs-0.96-4.el6.x86_64.rpm
fastbugs/rp-pppoe-3.10-11.el6.x86_64.rpm
fastbugs/util-linux-ng-2.17.2-12.14.el6_5.i686.rpm
fastbugs/util-linux-ng-2.17.2-12.14.el6_5.x86_64.rpm
fastbugs/uuidd-2.17.2-12.14.el6_5.x86_64.rpm
fastbugs/repodata/
fastbugs/repodata/e9a503d230ec6400c0fa35f6ec9c4ab415a77b31e54420192d8003fc0b5f89d5-updateinfo.xml.bz2
fastbugs/repodata/filelists.sqlite.bz2
fastbugs/repodata/filelists.xml.gz
fastbugs/repodata/other.sqlite.bz2
fastbugs/repodata/other.xml.gz
fastbugs/repodata/primary.sqlite.bz2
fastbugs/repodata/primary.xml.gz
fastbugs/repodata/repomd.xml
fastbugs/repodata/updateinfo.xml
fastbugs/repoview/
fastbugs/repoview/applications.system.group.html
fastbugs/repoview/development.libraries.group.html
fastbugs/repoview/index.html
fastbugs/repoview/latest-feed.xml
fastbugs/repoview/letter_l.group.html
fastbugs/repoview/letter_p.group.html
fastbugs/repoview/letter_r.group.html
fastbugs/repoview/letter_u.group.html
fastbugs/repoview/libblkid-devel.html
fastbugs/repoview/libblkid.html
fastbugs/repoview/libuuid-devel.html
fastbugs/repoview/libuuid.html
fastbugs/repoview/pacemaker-cli.html
fastbugs/repoview/pacemaker-cluster-libs.html
fastbugs/repoview/pacemaker-cts.html
fastbugs/repoview/pacemaker-doc.html
fastbugs/repoview/pacemaker-libs-devel.html
fastbugs/repoview/pacemaker-libs.html
fastbugs/repoview/pacemaker-remote.html
fastbugs/repoview/pacemaker.html
fastbugs/repoview/polkit-gnome-devel.html
fastbugs/repoview/polkit-gnome-docs.html
fastbugs/repoview/polkit-gnome.html
fastbugs/repoview/rp-pppoe.html
fastbugs/repoview/state.sqlite
fastbugs/repoview/system_environment.base.group.html
fastbugs/repoview/system_environment.daemons.group.html
fastbugs/repoview/util-linux-ng.html
fastbugs/repoview/uuidd.html
security/repodata/
security/repodata/f0f6bc751ce5e6ad800932e441a7cc12487cdeba64455c597a8c4b5e179621b7-updateinfo.xml.bz2
security/repodata/repomd.xml
security/repodata/updateinfo.xml

sent 31296 bytes  received 28396775 bytes  43769.16 bytes/sec
total size is 2389061475  speedup is 84.04
Spawning worker 0 with 35 pkgs
Workers Finished
Gathering worker results

Saving Primary metadata
Saving file lists metadata
Saving other metadata
Generating sqlite DBs
Sqlite DBs complete
-------------------------------------
2014-04-30 03:07:33 Sync EPEL repositories...
-------------------------------------
receiving incremental file list
rsync: change_dir "/6/x86_64" (in fedora-epel) failed: No such file or directory (2)

sent 4 bytes  received 6 bytes  6.67 bytes/sec
total size is 0  speedup is 0.00
rsync error: some files/attrs were not transferred (see previous errors) (code 23) at main.c(1505) [receiver=3.0.6]

Saving Primary metadata
Saving file lists metadata
Saving other metadata
Generating sqlite DBs
Sqlite DBs complete

-------------------------------------
2014-04-30 03:09:30 Sync ELREPO repositories...
-------------------------------------
receiving incremental file list
./
repodata/
repodata/33494e0679ae7ce552a82ae5754b076d4cbc57e1b854ffdf5ee59d7768a34776-primary.sqlite.bz2
repodata/ce89ea0f65bd2242628aa3ed6e431f2094c5819930385ac0703ed56bc4140ba0-other.xml.gz
repodata/dab8f1c3f9d3e48efaa79b66a9e9b935e852005c1fd50512433fdef59ecd4e98-filelists.xml.gz
repodata/f1249b9ed3583fd485662cf7e862c977a4f7aecf26e39f7a7c89514c58bd7b78-filelists.sqlite.bz2
repodata/fabd59e6fa373277884d1c891f9137962f85ed20a4ae7841842dd536cb87ed24-primary.xml.gz
repodata/fb63fb3c5f769017cef59fd56f4447cf169f2c616c245cc952f75310ae21b077-other.sqlite.bz2
repodata/repomd.xml

sent 201 bytes  received 1370194 bytes  53740.98 bytes/sec
total size is 948766873  speedup is 692.33
Spawning worker 0 with 3 pkgs
Workers Finished
Gathering worker results

Saving Primary metadata
Saving file lists metadata
Saving other metadata
Generating sqlite DBs
Sqlite DBs complete

-------------------------------------
2014-04-30 03:10:01 Sync POSTGRESQL repositories...
-------------------------------------
receiving incremental file list
./
barman-1.3.2-1.rhel6.noarch.rpm
pg_partman91-1.7.0-1.rhel6.x86_64.rpm
pg_partman91-debuginfo-1.7.0-1.rhel6.x86_64.rpm
pgdg-oraclelinux91-9.1-6.noarch.rpm
repodata/
repodata/4f6a29fe0e419d0753e15bfa02cd22a16cfb2baf81b151ec22452e1e87af388b-other.xml.gz
repodata/5da3b119d8126c009c5b7976da702078b9d41c36c0baed95fe83a693d28f8834-postgresqldbserver-9.1.xml.gz
repodata/9d7f1d80b616dee24790228dd29172faade26e2ac0c12dde49f4f009ec7d2a05-primary.sqlite.bz2
repodata/d26c7305569be50abbf623fe1d588a4bff56ddba3471d332aabe1843585e1aef-primary.xml.gz
repodata/d28dbc3be2271216754dd21850f40affdabbf858bc30e6c4bdb6ef939e556e44-postgresqldbserver-9.1.xml
repodata/f2beb6d65a3b3083bd14417cad4fbd0b89d20bf49b1336892a44be885fdcdf91-filelists.sqlite.bz2
repodata/f6122fdd0d486da247126df944a9c30280989c5e8f2a6ebb70c2ff965f9cbac4-filelists.xml.gz
repodata/f93bc07b5ec5d36749d07ee639c1bb91c1fbe448c5b6679c383ebdb04c3d06da-other.sqlite.bz2
repodata/repomd.xml
repoview/
repoview/CGAL-devel.html
repoview/CGAL.html
repoview/MigrationWizard.html
repoview/barman.html
repoview/boxinfo.html
repoview/bucardo.html
repoview/check_postgres.html
repoview/compat-libevent14-debuginfo.html
repoview/compat-libevent14-devel.html
repoview/compat-libevent14.html
repoview/compat-slang.html
repoview/dbi-link.html
repoview/emaj-debuginfo.html
repoview/emaj.html
repoview/gaul-devel.html
repoview/gdal-devel.html
repoview/gdal.html
repoview/geos-debuginfo.html
repoview/geos-devel.html
repoview/geos-python.html
repoview/geos.html
repoview/gridsql-agent.html
repoview/gridsql-client.html
repoview/gridsql-docs.html
repoview/gridsql.html
repoview/index.html
repoview/ip4r91-debuginfo.html
repoview/ip4r91.html
repoview/latest-feed.xml
repoview/letter_b.group.html
repoview/letter_c.group.html
repoview/letter_d.group.html
repoview/letter_e.group.html
repoview/letter_g.group.html
repoview/letter_i.group.html
repoview/letter_l.group.html
repoview/letter_m.group.html
repoview/letter_o.group.html
repoview/letter_p.group.html
repoview/letter_r.group.html
repoview/letter_s.group.html
repoview/letter_t.group.html
repoview/letter_u.group.html
repoview/letter_w.group.html
repoview/libevent-debuginfo.html
repoview/libevent-devel.html
repoview/libevent.html
repoview/libpqxx-debuginfo.html
repoview/libpqxx-devel.html
repoview/libpqxx.html
repoview/mhash-debuginfo.html
repoview/mhash-devel.html
repoview/mhash.html
repoview/mx.html
repoview/ora2pg.html
repoview/orafce91-debuginfo.html
repoview/orafce91.html
repoview/pagila91.html
repoview/pg_activity.html
repoview/pg_comparator91-debuginfo.html
repoview/pg_comparator91.html
repoview/pg_partman91-debuginfo.html
repoview/pg_partman91.html
repoview/pg_reorg91-debuginfo.html
repoview/pg_reorg91.html
repoview/pg_top91-debuginfo.html
repoview/pg_top91.html
repoview/pgadmin3_91-debuginfo.html
repoview/pgadmin3_91-docs.html
repoview/pgadmin3_91.html
repoview/pgagent_91-debuginfo.html
repoview/pgagent_91.html
repoview/pgbadger.html
repoview/pgbouncer-debuginfo.html
repoview/pgbouncer.html
repoview/pgcluu.html
repoview/pgdg-centos91.html
repoview/pgdg-oraclelinux91.html
repoview/pgdg-redhat91.html
repoview/pgdg-sl91.html
repoview/pgfincore91-debuginfo.html
repoview/pgfincore91.html
repoview/pgfouine.html
repoview/pgpool-II-91-debuginfo.html
repoview/pgpool-II-91-devel.html
repoview/pgpool-II-91-modules.html
repoview/pgpool-II-91.html
repoview/pgpool-ha-debuginfo.html
repoview/pgpool-ha.html
repoview/pgreplay-debuginfo.html
repoview/pgreplay.html
repoview/pgrouting_91-debuginfo.html
repoview/pgrouting_91.html
repoview/pgsphere91-debuginfo.html
repoview/pgsphere91.html
repoview/pgstat2.html
repoview/pgtap91.html
repoview/pgxnclient-debuginfo.html
repoview/pgxnclient.html
repoview/phpPgAdmin.html
repoview/plproxy91-debuginfo.html
repoview/plproxy91.html
repoview/plr91-debuginfo.html
repoview/plr91.html
repoview/plsh91-debuginfo.html
repoview/plsh91.html
repoview/postgis2_91-debuginfo.html
repoview/postgis2_91-devel.html
repoview/postgis2_91-docs.html
repoview/postgis2_91-utils.html
repoview/postgis2_91.html
repoview/postgis91-debuginfo.html
repoview/postgis91-docs.html
repoview/postgis91-utils.html
repoview/postgis91.html
repoview/postgresql91-contrib.html
repoview/postgresql91-debuginfo.html
repoview/postgresql91-devel.html
repoview/postgresql91-docs.html
repoview/postgresql91-jdbc-debuginfo.html
repoview/postgresql91-jdbc.html
repoview/postgresql91-libs.html
repoview/postgresql91-odbc-debuginfo.html
repoview/postgresql91-odbc.html
repoview/postgresql91-plperl.html
repoview/postgresql91-plpython.html
repoview/postgresql91-pltcl.html
repoview/postgresql91-python-debuginfo.html
repoview/postgresql91-python.html
repoview/postgresql91-server.html
repoview/postgresql91-tcl-debuginfo.html
repoview/postgresql91-tcl.html
repoview/postgresql91-test.html
repoview/postgresql91.html
repoview/postgresql_autodoc.html
repoview/postgresqldbserver91.group.html
repoview/prefix91-debuginfo.html
repoview/prefix91.html
repoview/proj-debuginfo.html
repoview/proj-devel.html
repoview/proj-epsg.html
repoview/proj-nad.html
repoview/proj.html
repoview/python-argcomplete.html
repoview/python-argh.html
repoview/python-argparse.html
repoview/python-psycopg2-debuginfo.html
repoview/python-psycopg2-doc.html
repoview/python-psycopg2-test.html
repoview/python-psycopg2-zope.html
repoview/python-psycopg2.html
repoview/repmgr-debuginfo.html
repoview/repmgr.html
repoview/skytools-91-debuginfo.html
repoview/skytools-91-modules.html
repoview/skytools-91.html
repoview/slony1-91-II-debuginfo.html
repoview/slony1-91-II-docs.html
repoview/slony1-91-II.html
repoview/slony1-91-debuginfo.html
repoview/slony1-91.html
repoview/split_postgres_dump.html
repoview/state.sqlite
repoview/tail_n_mail.html
repoview/usda-r18.html
repoview/wxBase.html
repoview/wxGTK-devel.html
repoview/wxGTK-gl.html
repoview/wxGTK-media.html
repoview/wxGTK.html

sent 9693 bytes  received 908109 bytes  166873.09 bytes/sec
total size is 150180796  speedup is 163.63
Spawning worker 0 with 33 pkgs
Workers Finished
Gathering worker results

Saving Primary metadata
Saving file lists metadata
Saving other metadata
Generating sqlite DBs
Sqlite DBs complete
receiving incremental file list
./
barman-1.3.2-1.rhel6.noarch.rpm
pg_partman91-1.7.0-1.rhel6.x86_64.rpm
pg_partman91-debuginfo-1.7.0-1.rhel6.x86_64.rpm
pgdg-oraclelinux91-9.1-6.noarch.rpm
repodata/
repodata/4f6a29fe0e419d0753e15bfa02cd22a16cfb2baf81b151ec22452e1e87af388b-other.xml.gz
repodata/5da3b119d8126c009c5b7976da702078b9d41c36c0baed95fe83a693d28f8834-postgresqldbserver-9.1.xml.gz
repodata/9d7f1d80b616dee24790228dd29172faade26e2ac0c12dde49f4f009ec7d2a05-primary.sqlite.bz2
repodata/d26c7305569be50abbf623fe1d588a4bff56ddba3471d332aabe1843585e1aef-primary.xml.gz
repodata/d28dbc3be2271216754dd21850f40affdabbf858bc30e6c4bdb6ef939e556e44-postgresqldbserver-9.1.xml
repodata/f2beb6d65a3b3083bd14417cad4fbd0b89d20bf49b1336892a44be885fdcdf91-filelists.sqlite.bz2
repodata/f6122fdd0d486da247126df944a9c30280989c5e8f2a6ebb70c2ff965f9cbac4-filelists.xml.gz
repodata/f93bc07b5ec5d36749d07ee639c1bb91c1fbe448c5b6679c383ebdb04c3d06da-other.sqlite.bz2
repodata/repomd.xml
repoview/
repoview/CGAL-devel.html
repoview/CGAL.html
repoview/MigrationWizard.html
repoview/barman.html
repoview/boxinfo.html
repoview/bucardo.html
repoview/check_postgres.html
repoview/compat-libevent14-debuginfo.html
repoview/compat-libevent14-devel.html
repoview/compat-libevent14.html
repoview/compat-slang.html
repoview/dbi-link.html
repoview/emaj-debuginfo.html
repoview/emaj.html
repoview/gaul-devel.html
repoview/gdal-devel.html
repoview/gdal.html
repoview/geos-debuginfo.html
repoview/geos-devel.html
repoview/geos-python.html
repoview/geos.html
repoview/gridsql-agent.html
repoview/gridsql-client.html
repoview/gridsql-docs.html
repoview/gridsql.html
repoview/index.html
repoview/ip4r91-debuginfo.html
repoview/ip4r91.html
repoview/latest-feed.xml
repoview/letter_b.group.html
repoview/letter_c.group.html
repoview/letter_d.group.html
repoview/letter_e.group.html
repoview/letter_g.group.html
repoview/letter_i.group.html
repoview/letter_l.group.html
repoview/letter_m.group.html
repoview/letter_o.group.html
repoview/letter_p.group.html
repoview/letter_r.group.html
repoview/letter_s.group.html
repoview/letter_t.group.html
repoview/letter_u.group.html
repoview/letter_w.group.html
repoview/libevent-debuginfo.html
repoview/libevent-devel.html
repoview/libevent.html
repoview/libpqxx-debuginfo.html
repoview/libpqxx-devel.html
repoview/libpqxx.html
repoview/mhash-debuginfo.html
repoview/mhash-devel.html
repoview/mhash.html
repoview/mx.html
repoview/ora2pg.html
repoview/orafce91-debuginfo.html
repoview/orafce91.html
repoview/pagila91.html
repoview/pg_activity.html
repoview/pg_comparator91-debuginfo.html
repoview/pg_comparator91.html
repoview/pg_partman91-debuginfo.html
repoview/pg_partman91.html
repoview/pg_reorg91-debuginfo.html
repoview/pg_reorg91.html
repoview/pg_top91-debuginfo.html
repoview/pg_top91.html
repoview/pgadmin3_91-debuginfo.html
repoview/pgadmin3_91-docs.html
repoview/pgadmin3_91.html
repoview/pgagent_91-debuginfo.html
repoview/pgagent_91.html
repoview/pgbadger.html
repoview/pgbouncer-debuginfo.html
repoview/pgbouncer.html
repoview/pgcluu.html
repoview/pgdg-centos91.html
repoview/pgdg-oraclelinux91.html
repoview/pgdg-redhat91.html
repoview/pgdg-sl91.html
repoview/pgfincore91-debuginfo.html
repoview/pgfincore91.html
repoview/pgfouine.html
repoview/pgpool-II-91-debuginfo.html
repoview/pgpool-II-91-devel.html
repoview/pgpool-II-91-modules.html
repoview/pgpool-II-91.html
repoview/pgpool-ha-debuginfo.html
repoview/pgpool-ha.html
repoview/pgreplay-debuginfo.html
repoview/pgreplay.html
repoview/pgrouting_91-debuginfo.html
repoview/pgrouting_91.html
repoview/pgsphere91-debuginfo.html
repoview/pgsphere91.html
repoview/pgstat2.html
repoview/pgtap91.html
repoview/pgxnclient-debuginfo.html
repoview/pgxnclient.html
repoview/phpPgAdmin.html
repoview/plproxy91-debuginfo.html
repoview/plproxy91.html
repoview/plr91-debuginfo.html
repoview/plr91.html
repoview/plsh91-debuginfo.html
repoview/plsh91.html
repoview/postgis2_91-debuginfo.html
repoview/postgis2_91-devel.html
repoview/postgis2_91-docs.html
repoview/postgis2_91-utils.html
repoview/postgis2_91.html
repoview/postgis91-debuginfo.html
repoview/postgis91-docs.html
repoview/postgis91-utils.html
repoview/postgis91.html
repoview/postgresql91-contrib.html
repoview/postgresql91-debuginfo.html
repoview/postgresql91-devel.html
repoview/postgresql91-docs.html
repoview/postgresql91-jdbc-debuginfo.html
repoview/postgresql91-jdbc.html
repoview/postgresql91-libs.html
repoview/postgresql91-odbc-debuginfo.html
repoview/postgresql91-odbc.html
repoview/postgresql91-plperl.html
repoview/postgresql91-plpython.html
repoview/postgresql91-pltcl.html
repoview/postgresql91-python-debuginfo.html
repoview/postgresql91-python.html
repoview/postgresql91-server.html
repoview/postgresql91-tcl-debuginfo.html
repoview/postgresql91-tcl.html
repoview/postgresql91-test.html
repoview/postgresql91.html
repoview/postgresql_autodoc.html
repoview/postgresqldbserver91.group.html
repoview/prefix91-debuginfo.html
repoview/prefix91.html
repoview/proj-debuginfo.html
repoview/proj-devel.html
repoview/proj-epsg.html
repoview/proj-nad.html
repoview/proj.html
repoview/python-argcomplete.html
repoview/python-argh.html
repoview/python-argparse.html
repoview/python-psycopg2-debuginfo.html
repoview/python-psycopg2-doc.html
repoview/python-psycopg2-test.html
repoview/python-psycopg2-zope.html
repoview/python-psycopg2.html
repoview/repmgr-debuginfo.html
repoview/repmgr.html
repoview/skytools-91-debuginfo.html
repoview/skytools-91-modules.html
repoview/skytools-91.html
repoview/slony1-91-II-debuginfo.html
repoview/slony1-91-II-docs.html
repoview/slony1-91-II.html
repoview/slony1-91-debuginfo.html
repoview/slony1-91.html
repoview/split_postgres_dump.html
repoview/state.sqlite
repoview/tail_n_mail.html
repoview/usda-r18.html
repoview/wxBase.html
repoview/wxGTK-devel.html
repoview/wxGTK-gl.html
repoview/wxGTK-media.html
repoview/wxGTK.html

sent 9693 bytes  received 908109 bytes  203956.00 bytes/sec
total size is 150180796  speedup is 163.63
Spawning worker 0 with 33 pkgs
Workers Finished
Gathering worker results

Saving Primary metadata
Saving file lists metadata
Saving other metadata
Generating sqlite DBs
Sqlite DBs complete
receiving incremental file list
./
barman-1.3.2-1.rhel6.noarch.rpm
pg_partman91-1.7.0-1.rhel6.x86_64.rpm
pg_partman91-debuginfo-1.7.0-1.rhel6.x86_64.rpm
pgdg-oraclelinux91-9.1-6.noarch.rpm
repodata/
repodata/4f6a29fe0e419d0753e15bfa02cd22a16cfb2baf81b151ec22452e1e87af388b-other.xml.gz
repodata/5da3b119d8126c009c5b7976da702078b9d41c36c0baed95fe83a693d28f8834-postgresqldbserver-9.1.xml.gz
repodata/9d7f1d80b616dee24790228dd29172faade26e2ac0c12dde49f4f009ec7d2a05-primary.sqlite.bz2
repodata/d26c7305569be50abbf623fe1d588a4bff56ddba3471d332aabe1843585e1aef-primary.xml.gz
repodata/d28dbc3be2271216754dd21850f40affdabbf858bc30e6c4bdb6ef939e556e44-postgresqldbserver-9.1.xml
repodata/f2beb6d65a3b3083bd14417cad4fbd0b89d20bf49b1336892a44be885fdcdf91-filelists.sqlite.bz2
repodata/f6122fdd0d486da247126df944a9c30280989c5e8f2a6ebb70c2ff965f9cbac4-filelists.xml.gz
repodata/f93bc07b5ec5d36749d07ee639c1bb91c1fbe448c5b6679c383ebdb04c3d06da-other.sqlite.bz2
repodata/repomd.xml
repoview/
repoview/CGAL-devel.html
repoview/CGAL.html
repoview/MigrationWizard.html
repoview/barman.html
repoview/boxinfo.html
repoview/bucardo.html
repoview/check_postgres.html
repoview/compat-libevent14-debuginfo.html
repoview/compat-libevent14-devel.html
repoview/compat-libevent14.html
repoview/compat-slang.html
repoview/dbi-link.html
repoview/emaj-debuginfo.html
repoview/emaj.html
repoview/gaul-devel.html
repoview/gdal-devel.html
repoview/gdal.html
repoview/geos-debuginfo.html
repoview/geos-devel.html
repoview/geos-python.html
repoview/geos.html
repoview/gridsql-agent.html
repoview/gridsql-client.html
repoview/gridsql-docs.html
repoview/gridsql.html
repoview/index.html
repoview/ip4r91-debuginfo.html
repoview/ip4r91.html
repoview/latest-feed.xml
repoview/letter_b.group.html
repoview/letter_c.group.html
repoview/letter_d.group.html
repoview/letter_e.group.html
repoview/letter_g.group.html
repoview/letter_i.group.html
repoview/letter_l.group.html
repoview/letter_m.group.html
repoview/letter_o.group.html
repoview/letter_p.group.html
repoview/letter_r.group.html
repoview/letter_s.group.html
repoview/letter_t.group.html
repoview/letter_u.group.html
repoview/letter_w.group.html
repoview/libevent-debuginfo.html
repoview/libevent-devel.html
repoview/libevent.html
repoview/libpqxx-debuginfo.html
repoview/libpqxx-devel.html
repoview/libpqxx.html
repoview/mhash-debuginfo.html
repoview/mhash-devel.html
repoview/mhash.html
repoview/mx.html
repoview/ora2pg.html
repoview/orafce91-debuginfo.html
repoview/orafce91.html
repoview/pagila91.html
repoview/pg_activity.html
repoview/pg_comparator91-debuginfo.html
repoview/pg_comparator91.html
repoview/pg_partman91-debuginfo.html
repoview/pg_partman91.html
repoview/pg_reorg91-debuginfo.html
repoview/pg_reorg91.html
repoview/pg_top91-debuginfo.html
repoview/pg_top91.html
repoview/pgadmin3_91-debuginfo.html
repoview/pgadmin3_91-docs.html
repoview/pgadmin3_91.html
repoview/pgagent_91-debuginfo.html
repoview/pgagent_91.html
repoview/pgbadger.html
repoview/pgbouncer-debuginfo.html
repoview/pgbouncer.html
repoview/pgcluu.html
repoview/pgdg-centos91.html
repoview/pgdg-oraclelinux91.html
repoview/pgdg-redhat91.html
repoview/pgdg-sl91.html
repoview/pgfincore91-debuginfo.html
repoview/pgfincore91.html
repoview/pgfouine.html
repoview/pgpool-II-91-debuginfo.html
repoview/pgpool-II-91-devel.html
repoview/pgpool-II-91-modules.html
repoview/pgpool-II-91.html
repoview/pgpool-ha-debuginfo.html
repoview/pgpool-ha.html
repoview/pgreplay-debuginfo.html
repoview/pgreplay.html
repoview/pgrouting_91-debuginfo.html
repoview/pgrouting_91.html
repoview/pgsphere91-debuginfo.html
repoview/pgsphere91.html
repoview/pgstat2.html
repoview/pgtap91.html
repoview/pgxnclient-debuginfo.html
repoview/pgxnclient.html
repoview/phpPgAdmin.html
repoview/plproxy91-debuginfo.html
repoview/plproxy91.html
repoview/plr91-debuginfo.html
repoview/plr91.html
repoview/plsh91-debuginfo.html
repoview/plsh91.html
repoview/postgis2_91-debuginfo.html
repoview/postgis2_91-devel.html
repoview/postgis2_91-docs.html
repoview/postgis2_91-utils.html
repoview/postgis2_91.html
repoview/postgis91-debuginfo.html
repoview/postgis91-docs.html
repoview/postgis91-utils.html
repoview/postgis91.html
repoview/postgresql91-contrib.html
repoview/postgresql91-debuginfo.html
repoview/postgresql91-devel.html
repoview/postgresql91-docs.html
repoview/postgresql91-jdbc-debuginfo.html
repoview/postgresql91-jdbc.html
repoview/postgresql91-libs.html
repoview/postgresql91-odbc-debuginfo.html
repoview/postgresql91-odbc.html
repoview/postgresql91-plperl.html
repoview/postgresql91-plpython.html
repoview/postgresql91-pltcl.html
repoview/postgresql91-python-debuginfo.html
repoview/postgresql91-python.html
repoview/postgresql91-server.html
repoview/postgresql91-tcl-debuginfo.html
repoview/postgresql91-tcl.html
repoview/postgresql91-test.html
repoview/postgresql91.html
repoview/postgresql_autodoc.html
repoview/postgresqldbserver91.group.html
repoview/prefix91-debuginfo.html
repoview/prefix91.html
repoview/proj-debuginfo.html
repoview/proj-devel.html
repoview/proj-epsg.html
repoview/proj-nad.html
repoview/proj.html
repoview/python-argcomplete.html
repoview/python-argh.html
repoview/python-argparse.html
repoview/python-psycopg2-debuginfo.html
repoview/python-psycopg2-doc.html
repoview/python-psycopg2-test.html
repoview/python-psycopg2-zope.html
repoview/python-psycopg2.html
repoview/repmgr-debuginfo.html
repoview/repmgr.html
repoview/skytools-91-debuginfo.html
repoview/skytools-91-modules.html
repoview/skytools-91.html
repoview/slony1-91-II-debuginfo.html
repoview/slony1-91-II-docs.html
repoview/slony1-91-II.html
repoview/slony1-91-debuginfo.html
repoview/slony1-91.html
repoview/split_postgres_dump.html
repoview/state.sqlite
repoview/tail_n_mail.html
repoview/usda-r18.html
repoview/wxBase.html
repoview/wxGTK-devel.html
repoview/wxGTK-gl.html
repoview/wxGTK-media.html
repoview/wxGTK.html

sent 9693 bytes  received 908109 bytes  203956.00 bytes/sec
total size is 150180796  speedup is 163.63
Spawning worker 0 with 33 pkgs
Workers Finished
Gathering worker results

Saving Primary metadata
Saving file lists metadata
Saving other metadata
Generating sqlite DBs
Sqlite DBs complete
receiving incremental file list
./
barman-1.3.2-1.rhel6.noarch.rpm
pg_partman91-1.7.0-1.rhel6.x86_64.rpm
pg_partman91-debuginfo-1.7.0-1.rhel6.x86_64.rpm
pgdg-oraclelinux91-9.1-6.noarch.rpm
repodata/
repodata/4f6a29fe0e419d0753e15bfa02cd22a16cfb2baf81b151ec22452e1e87af388b-other.xml.gz
repodata/5da3b119d8126c009c5b7976da702078b9d41c36c0baed95fe83a693d28f8834-postgresqldbserver-9.1.xml.gz
repodata/9d7f1d80b616dee24790228dd29172faade26e2ac0c12dde49f4f009ec7d2a05-primary.sqlite.bz2
repodata/d26c7305569be50abbf623fe1d588a4bff56ddba3471d332aabe1843585e1aef-primary.xml.gz
repodata/d28dbc3be2271216754dd21850f40affdabbf858bc30e6c4bdb6ef939e556e44-postgresqldbserver-9.1.xml
repodata/f2beb6d65a3b3083bd14417cad4fbd0b89d20bf49b1336892a44be885fdcdf91-filelists.sqlite.bz2
repodata/f6122fdd0d486da247126df944a9c30280989c5e8f2a6ebb70c2ff965f9cbac4-filelists.xml.gz
repodata/f93bc07b5ec5d36749d07ee639c1bb91c1fbe448c5b6679c383ebdb04c3d06da-other.sqlite.bz2
repodata/repomd.xml
repoview/
repoview/CGAL-devel.html
repoview/CGAL.html
repoview/MigrationWizard.html
repoview/barman.html
repoview/boxinfo.html
repoview/bucardo.html
repoview/check_postgres.html
repoview/compat-libevent14-debuginfo.html
repoview/compat-libevent14-devel.html
repoview/compat-libevent14.html
repoview/compat-slang.html
repoview/dbi-link.html
repoview/emaj-debuginfo.html
repoview/emaj.html
repoview/gaul-devel.html
repoview/gdal-devel.html
repoview/gdal.html
repoview/geos-debuginfo.html
repoview/geos-devel.html
repoview/geos-python.html
repoview/geos.html
repoview/gridsql-agent.html
repoview/gridsql-client.html
repoview/gridsql-docs.html
repoview/gridsql.html
repoview/index.html
repoview/ip4r91-debuginfo.html
repoview/ip4r91.html
repoview/latest-feed.xml
repoview/letter_b.group.html
repoview/letter_c.group.html
repoview/letter_d.group.html
repoview/letter_e.group.html
repoview/letter_g.group.html
repoview/letter_i.group.html
repoview/letter_l.group.html
repoview/letter_m.group.html
repoview/letter_o.group.html
repoview/letter_p.group.html
repoview/letter_r.group.html
repoview/letter_s.group.html
repoview/letter_t.group.html
repoview/letter_u.group.html
repoview/letter_w.group.html
repoview/libevent-debuginfo.html
repoview/libevent-devel.html
repoview/libevent.html
repoview/libpqxx-debuginfo.html
repoview/libpqxx-devel.html
repoview/libpqxx.html
repoview/mhash-debuginfo.html
repoview/mhash-devel.html
repoview/mhash.html
repoview/mx.html
repoview/ora2pg.html
repoview/orafce91-debuginfo.html
repoview/orafce91.html
repoview/pagila91.html
repoview/pg_activity.html
repoview/pg_comparator91-debuginfo.html
repoview/pg_comparator91.html
repoview/pg_partman91-debuginfo.html
repoview/pg_partman91.html
repoview/pg_reorg91-debuginfo.html
repoview/pg_reorg91.html
repoview/pg_top91-debuginfo.html
repoview/pg_top91.html
repoview/pgadmin3_91-debuginfo.html
repoview/pgadmin3_91-docs.html
repoview/pgadmin3_91.html
repoview/pgagent_91-debuginfo.html
repoview/pgagent_91.html
repoview/pgbadger.html
repoview/pgbouncer-debuginfo.html
repoview/pgbouncer.html
repoview/pgcluu.html
repoview/pgdg-centos91.html
repoview/pgdg-oraclelinux91.html
repoview/pgdg-redhat91.html
repoview/pgdg-sl91.html
repoview/pgfincore91-debuginfo.html
repoview/pgfincore91.html
repoview/pgfouine.html
repoview/pgpool-II-91-debuginfo.html
repoview/pgpool-II-91-devel.html
repoview/pgpool-II-91-modules.html
repoview/pgpool-II-91.html
repoview/pgpool-ha-debuginfo.html
repoview/pgpool-ha.html
repoview/pgreplay-debuginfo.html
repoview/pgreplay.html
repoview/pgrouting_91-debuginfo.html
repoview/pgrouting_91.html
repoview/pgsphere91-debuginfo.html
repoview/pgsphere91.html
repoview/pgstat2.html
repoview/pgtap91.html
repoview/pgxnclient-debuginfo.html
repoview/pgxnclient.html
repoview/phpPgAdmin.html
repoview/plproxy91-debuginfo.html
repoview/plproxy91.html
repoview/plr91-debuginfo.html
repoview/plr91.html
repoview/plsh91-debuginfo.html
repoview/plsh91.html
repoview/postgis2_91-debuginfo.html
repoview/postgis2_91-devel.html
repoview/postgis2_91-docs.html
repoview/postgis2_91-utils.html
repoview/postgis2_91.html
repoview/postgis91-debuginfo.html
repoview/postgis91-docs.html
repoview/postgis91-utils.html
repoview/postgis91.html
repoview/postgresql91-contrib.html
repoview/postgresql91-debuginfo.html
repoview/postgresql91-devel.html
repoview/postgresql91-docs.html
repoview/postgresql91-jdbc-debuginfo.html
repoview/postgresql91-jdbc.html
repoview/postgresql91-libs.html
repoview/postgresql91-odbc-debuginfo.html
repoview/postgresql91-odbc.html
repoview/postgresql91-plperl.html
repoview/postgresql91-plpython.html
repoview/postgresql91-pltcl.html
repoview/postgresql91-python-debuginfo.html
repoview/postgresql91-python.html
repoview/postgresql91-server.html
repoview/postgresql91-tcl-debuginfo.html
repoview/postgresql91-tcl.html
repoview/postgresql91-test.html
repoview/postgresql91.html
repoview/postgresql_autodoc.html
repoview/postgresqldbserver91.group.html
repoview/prefix91-debuginfo.html
repoview/prefix91.html
repoview/proj-debuginfo.html
repoview/proj-devel.html
repoview/proj-epsg.html
repoview/proj-nad.html
repoview/proj.html
repoview/python-argcomplete.html
repoview/python-argh.html
repoview/python-argparse.html
repoview/python-psycopg2-debuginfo.html
repoview/python-psycopg2-doc.html
repoview/python-psycopg2-test.html
repoview/python-psycopg2-zope.html
repoview/python-psycopg2.html
repoview/repmgr-debuginfo.html
repoview/repmgr.html
repoview/skytools-91-debuginfo.html
repoview/skytools-91-modules.html
repoview/skytools-91.html
repoview/slony1-91-II-debuginfo.html
repoview/slony1-91-II-docs.html
repoview/slony1-91-II.html
repoview/slony1-91-debuginfo.html
repoview/slony1-91.html
repoview/split_postgres_dump.html
repoview/state.sqlite
repoview/tail_n_mail.html
repoview/usda-r18.html
repoview/wxBase.html
repoview/wxGTK-devel.html
repoview/wxGTK-gl.html
repoview/wxGTK-media.html
repoview/wxGTK.html

sent 9693 bytes  received 908109 bytes  203956.00 bytes/sec
total size is 150180796  speedup is 163.63
Spawning worker 0 with 33 pkgs
Workers Finished
Gathering worker results

Saving Primary metadata
Saving file lists metadata
Saving other metadata
Generating sqlite DBs
Sqlite DBs complete
receiving incremental file list
./
barman-1.3.2-1.rhel6.noarch.rpm
pg_partman91-1.7.0-1.rhel6.x86_64.rpm
pg_partman91-debuginfo-1.7.0-1.rhel6.x86_64.rpm
pgdg-oraclelinux91-9.1-6.noarch.rpm
repodata/
repodata/4f6a29fe0e419d0753e15bfa02cd22a16cfb2baf81b151ec22452e1e87af388b-other.xml.gz
repodata/5da3b119d8126c009c5b7976da702078b9d41c36c0baed95fe83a693d28f8834-postgresqldbserver-9.1.xml.gz
repodata/9d7f1d80b616dee24790228dd29172faade26e2ac0c12dde49f4f009ec7d2a05-primary.sqlite.bz2
repodata/d26c7305569be50abbf623fe1d588a4bff56ddba3471d332aabe1843585e1aef-primary.xml.gz
repodata/d28dbc3be2271216754dd21850f40affdabbf858bc30e6c4bdb6ef939e556e44-postgresqldbserver-9.1.xml
repodata/f2beb6d65a3b3083bd14417cad4fbd0b89d20bf49b1336892a44be885fdcdf91-filelists.sqlite.bz2
repodata/f6122fdd0d486da247126df944a9c30280989c5e8f2a6ebb70c2ff965f9cbac4-filelists.xml.gz
repodata/f93bc07b5ec5d36749d07ee639c1bb91c1fbe448c5b6679c383ebdb04c3d06da-other.sqlite.bz2
repodata/repomd.xml
repoview/
repoview/CGAL-devel.html
repoview/CGAL.html
repoview/MigrationWizard.html
repoview/barman.html
repoview/boxinfo.html
repoview/bucardo.html
repoview/check_postgres.html
repoview/compat-libevent14-debuginfo.html
repoview/compat-libevent14-devel.html
repoview/compat-libevent14.html
repoview/compat-slang.html
repoview/dbi-link.html
repoview/emaj-debuginfo.html
repoview/emaj.html
repoview/gaul-devel.html
repoview/gdal-devel.html
repoview/gdal.html
repoview/geos-debuginfo.html
repoview/geos-devel.html
repoview/geos-python.html
repoview/geos.html
repoview/gridsql-agent.html
repoview/gridsql-client.html
repoview/gridsql-docs.html
repoview/gridsql.html
repoview/index.html
repoview/ip4r91-debuginfo.html
repoview/ip4r91.html
repoview/latest-feed.xml
repoview/letter_b.group.html
repoview/letter_c.group.html
repoview/letter_d.group.html
repoview/letter_e.group.html
repoview/letter_g.group.html
repoview/letter_i.group.html
repoview/letter_l.group.html
repoview/letter_m.group.html
repoview/letter_o.group.html
repoview/letter_p.group.html
repoview/letter_r.group.html
repoview/letter_s.group.html
repoview/letter_t.group.html
repoview/letter_u.group.html
repoview/letter_w.group.html
repoview/libevent-debuginfo.html
repoview/libevent-devel.html
repoview/libevent.html
repoview/libpqxx-debuginfo.html
repoview/libpqxx-devel.html
repoview/libpqxx.html
repoview/mhash-debuginfo.html
repoview/mhash-devel.html
repoview/mhash.html
repoview/mx.html
repoview/ora2pg.html
repoview/orafce91-debuginfo.html
repoview/orafce91.html
repoview/pagila91.html
repoview/pg_activity.html
repoview/pg_comparator91-debuginfo.html
repoview/pg_comparator91.html
repoview/pg_partman91-debuginfo.html
repoview/pg_partman91.html
repoview/pg_reorg91-debuginfo.html
repoview/pg_reorg91.html
repoview/pg_top91-debuginfo.html
repoview/pg_top91.html
repoview/pgadmin3_91-debuginfo.html
repoview/pgadmin3_91-docs.html
repoview/pgadmin3_91.html
repoview/pgagent_91-debuginfo.html
repoview/pgagent_91.html
repoview/pgbadger.html
repoview/pgbouncer-debuginfo.html
repoview/pgbouncer.html
repoview/pgcluu.html
repoview/pgdg-centos91.html
repoview/pgdg-oraclelinux91.html
repoview/pgdg-redhat91.html
repoview/pgdg-sl91.html
repoview/pgfincore91-debuginfo.html
repoview/pgfincore91.html
repoview/pgfouine.html
repoview/pgpool-II-91-debuginfo.html
repoview/pgpool-II-91-devel.html
repoview/pgpool-II-91-modules.html
repoview/pgpool-II-91.html
repoview/pgpool-ha-debuginfo.html
repoview/pgpool-ha.html
repoview/pgreplay-debuginfo.html
repoview/pgreplay.html
repoview/pgrouting_91-debuginfo.html
repoview/pgrouting_91.html
repoview/pgsphere91-debuginfo.html
repoview/pgsphere91.html
repoview/pgstat2.html
repoview/pgtap91.html
repoview/pgxnclient-debuginfo.html
repoview/pgxnclient.html
repoview/phpPgAdmin.html
repoview/plproxy91-debuginfo.html
repoview/plproxy91.html
repoview/plr91-debuginfo.html
repoview/plr91.html
repoview/plsh91-debuginfo.html
repoview/plsh91.html
repoview/postgis2_91-debuginfo.html
repoview/postgis2_91-devel.html
repoview/postgis2_91-docs.html
repoview/postgis2_91-utils.html
repoview/postgis2_91.html
repoview/postgis91-debuginfo.html
repoview/postgis91-docs.html
repoview/postgis91-utils.html
repoview/postgis91.html
repoview/postgresql91-contrib.html
repoview/postgresql91-debuginfo.html
repoview/postgresql91-devel.html
repoview/postgresql91-docs.html
repoview/postgresql91-jdbc-debuginfo.html
repoview/postgresql91-jdbc.html
repoview/postgresql91-libs.html
repoview/postgresql91-odbc-debuginfo.html
repoview/postgresql91-odbc.html
repoview/postgresql91-plperl.html
repoview/postgresql91-plpython.html
repoview/postgresql91-pltcl.html
repoview/postgresql91-python-debuginfo.html
repoview/postgresql91-python.html
repoview/postgresql91-server.html
repoview/postgresql91-tcl-debuginfo.html
repoview/postgresql91-tcl.html
repoview/postgresql91-test.html
repoview/postgresql91.html
repoview/postgresql_autodoc.html
repoview/postgresqldbserver91.group.html
repoview/prefix91-debuginfo.html
repoview/prefix91.html
repoview/proj-debuginfo.html
repoview/proj-devel.html
repoview/proj-epsg.html
repoview/proj-nad.html
repoview/proj.html
repoview/python-argcomplete.html
repoview/python-argh.html
repoview/python-argparse.html
repoview/python-psycopg2-debuginfo.html
repoview/python-psycopg2-doc.html
repoview/python-psycopg2-test.html
repoview/python-psycopg2-zope.html
repoview/python-psycopg2.html
repoview/repmgr-debuginfo.html
repoview/repmgr.html
repoview/skytools-91-debuginfo.html
repoview/skytools-91-modules.html
repoview/skytools-91.html
repoview/slony1-91-II-debuginfo.html
repoview/slony1-91-II-docs.html
repoview/slony1-91-II.html
repoview/slony1-91-debuginfo.html
repoview/slony1-91.html
repoview/split_postgres_dump.html
repoview/state.sqlite
repoview/tail_n_mail.html
repoview/usda-r18.html
repoview/wxBase.html
repoview/wxGTK-devel.html
repoview/wxGTK-gl.html
repoview/wxGTK-media.html
repoview/wxGTK.html

sent 9693 bytes  received 908109 bytes  203956.00 bytes/sec
total size is 150180796  speedup is 163.63
Spawning worker 0 with 33 pkgs
Workers Finished
Gathering worker results

Saving Primary metadata
Saving file lists metadata
Saving other metadata
Generating sqlite DBs
Sqlite DBs complete
receiving incremental file list
./
barman-1.3.2-1.rhel6.noarch.rpm
pg_jobmon92-1.2.0-1.rhel6.noarch.rpm
pg_partman92-1.7.0-1.rhel6.x86_64.rpm
pg_partman92-debuginfo-1.7.0-1.rhel6.x86_64.rpm
pgdg-oraclelinux92-9.2-7.noarch.rpm
pgespresso92-1.0.0-1.rhel6.x86_64.rpm
pgespresso92-1.0.0-2.rhel6.x86_64.rpm
pgespresso92-debuginfo-1.0.0-1.rhel6.x86_64.rpm
pgespresso92-debuginfo-1.0.0-2.rhel6.x86_64.rpm
repodata/
repodata/305d69028c3cdce897ba8f5b8edd9f32e41d16d42f2f0fec8868d7633b62a532-primary.sqlite.bz2
repodata/389afa3866961816965b323ccc56d76caac5747f25dabf0717106e16aae20e7f-primary.xml.gz
repodata/3b6af24a08d0c4c4253e4b1a8c6d75d7cf09e2e5913f8339e5d4b4fc64c33093-other.xml.gz
repodata/461f6a54899adee4e18f2ed9ef7c0a37f6162c55984ca4c0e3767287d2d3934e-postgresqldbserver-9.2.xml
repodata/9660e0858d6a80c2966897acac97a38c66603bc1ab84ab655c5b2d5b4ad309b6-other.sqlite.bz2
repodata/98384cff345277555326cccf3b5dadd89911f302946a7524874eaf5a46eba5d7-filelists.sqlite.bz2
repodata/9ed13b19ed1016fef84cc6f2ea531dc7ef81f8fc78a89defa5b497e60dea77d0-postgresqldbserver-9.2.xml.gz
repodata/ed3fbb136f7b010230330d786ee5e4538f93b45b72fbd5f1c374a22aa31500a0-filelists.xml.gz
repodata/repomd.xml
repoview/
repoview/CGAL.html
repoview/MigrationWizard.html
repoview/barman.html
repoview/boxinfo.html
repoview/bucardo.html
repoview/check_postgres.html
repoview/compat-libevent14-debuginfo.html
repoview/compat-libevent14-devel.html
repoview/compat-libevent14.html
repoview/compat-slang-debuginfo.html
repoview/compat-slang.html
repoview/emaj-debuginfo.html
repoview/emaj.html
repoview/gaul-devel.html
repoview/gdal-devel.html
repoview/gdal-java.html
repoview/gdal-javadoc.html
repoview/gdal-libs.html
repoview/gdal-perl.html
repoview/gdal-python.html
repoview/gdal.html
repoview/geos-debuginfo.html
repoview/geos-devel.html
repoview/geos-python.html
repoview/geos.html
repoview/gpsbabel.html
repoview/index.html
repoview/ip4r92-debuginfo.html
repoview/ip4r92.html
repoview/latest-feed.xml
repoview/letter_b.group.html
repoview/letter_c.group.html
repoview/letter_e.group.html
repoview/letter_g.group.html
repoview/letter_i.group.html
repoview/letter_l.group.html
repoview/letter_m.group.html
repoview/letter_o.group.html
repoview/letter_p.group.html
repoview/letter_r.group.html
repoview/letter_s.group.html
repoview/letter_t.group.html
repoview/letter_u.group.html
repoview/letter_w.group.html
repoview/libevent-debuginfo.html
repoview/libevent-devel.html
repoview/libevent.html
repoview/libgeotiff-devel.html
repoview/libgeotiff.html
repoview/libpqxx-debuginfo.html
repoview/libpqxx-devel.html
repoview/libpqxx.html
repoview/ora2pg.html
repoview/pagila92.html
repoview/pg_activity.html
repoview/pg_comparator92-debuginfo.html
repoview/pg_comparator92.html
repoview/pg_filedump92-debuginfo.html
repoview/pg_filedump92.html
repoview/pg_jobmon92.html
repoview/pg_partman92-debuginfo.html
repoview/pg_partman92.html
repoview/pg_top92-debuginfo.html
repoview/pg_top92.html
repoview/pgadmin3_92-debuginfo.html
repoview/pgadmin3_92-docs.html
repoview/pgadmin3_92.html
repoview/pgagent_92-debuginfo.html
repoview/pgagent_92.html
repoview/pgbadger.html
repoview/pgbouncer-debuginfo.html
repoview/pgbouncer.html
repoview/pgcluu.html
repoview/pgdg-centos92.html
repoview/pgdg-oraclelinux92.html
repoview/pgdg-redhat92.html
repoview/pgdg-sl92.html
repoview/pgespresso92-debuginfo.html
repoview/pgespresso92.html
repoview/pgfincore92-debuginfo.html
repoview/pgfincore92.html
repoview/pgfouine.html
repoview/pgloader.html
repoview/pgpool-II-92-debuginfo.html
repoview/pgpool-II-92-devel.html
repoview/pgpool-II-92.html
repoview/pgreplay-debuginfo.html
repoview/pgreplay.html
repoview/pgrouting_92-debuginfo.html
repoview/pgrouting_92.html
repoview/pgsphere92-debuginfo.html
repoview/pgsphere92.html
repoview/pgxnclient-debuginfo.html
repoview/pgxnclient.html
repoview/phpPgAdmin.html
repoview/plproxy92-debuginfo.html
repoview/plproxy92.html
repoview/plr92-debuginfo.html
repoview/plr92.html
repoview/plsh92-debuginfo.html
repoview/plsh92.html
repoview/postgis2_92-client.html
repoview/postgis2_92-debuginfo.html
repoview/postgis2_92-devel.html
repoview/postgis2_92-docs.html
repoview/postgis2_92-utils.html
repoview/postgis2_92.html
repoview/postgresql92-contrib.html
repoview/postgresql92-debuginfo.html
repoview/postgresql92-devel.html
repoview/postgresql92-docs.html
repoview/postgresql92-jdbc-debuginfo.html
repoview/postgresql92-jdbc.html
repoview/postgresql92-libs.html
repoview/postgresql92-odbc-debuginfo.html
repoview/postgresql92-odbc.html
repoview/postgresql92-plperl.html
repoview/postgresql92-plpython.html
repoview/postgresql92-pltcl.html
repoview/postgresql92-server.html
repoview/postgresql92-tcl-debuginfo.html
repoview/postgresql92-tcl.html
repoview/postgresql92-test.html
repoview/postgresql92.html
repoview/postgresql_autodoc.html
repoview/postgresqldbserver92.group.html
repoview/prefix92-debuginfo.html
repoview/prefix92.html
repoview/proj-debuginfo.html
repoview/proj-devel.html
repoview/proj-epsg.html
repoview/proj-nad.html
repoview/proj.html
repoview/python-argcomplete.html
repoview/python-argh.html
repoview/python-argparse.html
repoview/python-psycopg2-debuginfo.html
repoview/python-psycopg2-doc.html
repoview/python-psycopg2-test.html
repoview/python-psycopg2.html
repoview/repmgr-debuginfo.html
repoview/repmgr.html
repoview/skytools-92-debuginfo.html
repoview/skytools-92-modules.html
repoview/skytools-92.html
repoview/slony1-92-debuginfo.html
repoview/slony1-92.html
repoview/split_postgres_dump.html
repoview/state.sqlite
repoview/tail_n_mail.html
repoview/usda-r18.html
repoview/wxBase.html
repoview/wxGTK-devel.html
repoview/wxGTK-gl.html
repoview/wxGTK-media.html
repoview/wxGTK.html

sent 8730 bytes  received 892401 bytes  200251.33 bytes/sec
total size is 153506740  speedup is 170.35
Spawning worker 0 with 106 pkgs
Workers Finished
Gathering worker results

Saving Primary metadata
Saving file lists metadata
Saving other metadata
Generating sqlite DBs
Sqlite DBs complete
receiving incremental file list
./
barman-1.3.2-1.rhel6.noarch.rpm
pg_jobmon92-1.2.0-1.rhel6.noarch.rpm
pg_partman92-1.7.0-1.rhel6.x86_64.rpm
pg_partman92-debuginfo-1.7.0-1.rhel6.x86_64.rpm
pgdg-oraclelinux92-9.2-7.noarch.rpm
pgespresso92-1.0.0-1.rhel6.x86_64.rpm
pgespresso92-1.0.0-2.rhel6.x86_64.rpm
pgespresso92-debuginfo-1.0.0-1.rhel6.x86_64.rpm
pgespresso92-debuginfo-1.0.0-2.rhel6.x86_64.rpm
repodata/
repodata/305d69028c3cdce897ba8f5b8edd9f32e41d16d42f2f0fec8868d7633b62a532-primary.sqlite.bz2
repodata/389afa3866961816965b323ccc56d76caac5747f25dabf0717106e16aae20e7f-primary.xml.gz
repodata/3b6af24a08d0c4c4253e4b1a8c6d75d7cf09e2e5913f8339e5d4b4fc64c33093-other.xml.gz
repodata/461f6a54899adee4e18f2ed9ef7c0a37f6162c55984ca4c0e3767287d2d3934e-postgresqldbserver-9.2.xml
repodata/9660e0858d6a80c2966897acac97a38c66603bc1ab84ab655c5b2d5b4ad309b6-other.sqlite.bz2
repodata/98384cff345277555326cccf3b5dadd89911f302946a7524874eaf5a46eba5d7-filelists.sqlite.bz2
repodata/9ed13b19ed1016fef84cc6f2ea531dc7ef81f8fc78a89defa5b497e60dea77d0-postgresqldbserver-9.2.xml.gz
repodata/ed3fbb136f7b010230330d786ee5e4538f93b45b72fbd5f1c374a22aa31500a0-filelists.xml.gz
repodata/repomd.xml
repoview/
repoview/CGAL.html
repoview/MigrationWizard.html
repoview/barman.html
repoview/boxinfo.html
repoview/bucardo.html
repoview/check_postgres.html
repoview/compat-libevent14-debuginfo.html
repoview/compat-libevent14-devel.html
repoview/compat-libevent14.html
repoview/compat-slang-debuginfo.html
repoview/compat-slang.html
repoview/emaj-debuginfo.html
repoview/emaj.html
repoview/gaul-devel.html
repoview/gdal-devel.html
repoview/gdal-java.html
repoview/gdal-javadoc.html
repoview/gdal-libs.html
repoview/gdal-perl.html
repoview/gdal-python.html
repoview/gdal.html
repoview/geos-debuginfo.html
repoview/geos-devel.html
repoview/geos-python.html
repoview/geos.html
repoview/gpsbabel.html
repoview/index.html
repoview/ip4r92-debuginfo.html
repoview/ip4r92.html
repoview/latest-feed.xml
repoview/letter_b.group.html
repoview/letter_c.group.html
repoview/letter_e.group.html
repoview/letter_g.group.html
repoview/letter_i.group.html
repoview/letter_l.group.html
repoview/letter_m.group.html
repoview/letter_o.group.html
repoview/letter_p.group.html
repoview/letter_r.group.html
repoview/letter_s.group.html
repoview/letter_t.group.html
repoview/letter_u.group.html
repoview/letter_w.group.html
repoview/libevent-debuginfo.html
repoview/libevent-devel.html
repoview/libevent.html
repoview/libgeotiff-devel.html
repoview/libgeotiff.html
repoview/libpqxx-debuginfo.html
repoview/libpqxx-devel.html
repoview/libpqxx.html
repoview/ora2pg.html
repoview/pagila92.html
repoview/pg_activity.html
repoview/pg_comparator92-debuginfo.html
repoview/pg_comparator92.html
repoview/pg_filedump92-debuginfo.html
repoview/pg_filedump92.html
repoview/pg_jobmon92.html
repoview/pg_partman92-debuginfo.html
repoview/pg_partman92.html
repoview/pg_top92-debuginfo.html
repoview/pg_top92.html
repoview/pgadmin3_92-debuginfo.html
repoview/pgadmin3_92-docs.html
repoview/pgadmin3_92.html
repoview/pgagent_92-debuginfo.html
repoview/pgagent_92.html
repoview/pgbadger.html
repoview/pgbouncer-debuginfo.html
repoview/pgbouncer.html
repoview/pgcluu.html
repoview/pgdg-centos92.html
repoview/pgdg-oraclelinux92.html
repoview/pgdg-redhat92.html
repoview/pgdg-sl92.html
repoview/pgespresso92-debuginfo.html
repoview/pgespresso92.html
repoview/pgfincore92-debuginfo.html
repoview/pgfincore92.html
repoview/pgfouine.html
repoview/pgloader.html
repoview/pgpool-II-92-debuginfo.html
repoview/pgpool-II-92-devel.html
repoview/pgpool-II-92.html
repoview/pgreplay-debuginfo.html
repoview/pgreplay.html
repoview/pgrouting_92-debuginfo.html
repoview/pgrouting_92.html
repoview/pgsphere92-debuginfo.html
repoview/pgsphere92.html
repoview/pgxnclient-debuginfo.html
repoview/pgxnclient.html
repoview/phpPgAdmin.html
repoview/plproxy92-debuginfo.html
repoview/plproxy92.html
repoview/plr92-debuginfo.html
repoview/plr92.html
repoview/plsh92-debuginfo.html
repoview/plsh92.html
repoview/postgis2_92-client.html
repoview/postgis2_92-debuginfo.html
repoview/postgis2_92-devel.html
repoview/postgis2_92-docs.html
repoview/postgis2_92-utils.html
repoview/postgis2_92.html
repoview/postgresql92-contrib.html
repoview/postgresql92-debuginfo.html
repoview/postgresql92-devel.html
repoview/postgresql92-docs.html
repoview/postgresql92-jdbc-debuginfo.html
repoview/postgresql92-jdbc.html
repoview/postgresql92-libs.html
repoview/postgresql92-odbc-debuginfo.html
repoview/postgresql92-odbc.html
repoview/postgresql92-plperl.html
repoview/postgresql92-plpython.html
repoview/postgresql92-pltcl.html
repoview/postgresql92-server.html
repoview/postgresql92-tcl-debuginfo.html
repoview/postgresql92-tcl.html
repoview/postgresql92-test.html
repoview/postgresql92.html
repoview/postgresql_autodoc.html
repoview/postgresqldbserver92.group.html
repoview/prefix92-debuginfo.html
repoview/prefix92.html
repoview/proj-debuginfo.html
repoview/proj-devel.html
repoview/proj-epsg.html
repoview/proj-nad.html
repoview/proj.html
repoview/python-argcomplete.html
repoview/python-argh.html
repoview/python-argparse.html
repoview/python-psycopg2-debuginfo.html
repoview/python-psycopg2-doc.html
repoview/python-psycopg2-test.html
repoview/python-psycopg2.html
repoview/repmgr-debuginfo.html
repoview/repmgr.html
repoview/skytools-92-debuginfo.html
repoview/skytools-92-modules.html
repoview/skytools-92.html
repoview/slony1-92-debuginfo.html
repoview/slony1-92.html
repoview/split_postgres_dump.html
repoview/state.sqlite
repoview/tail_n_mail.html
repoview/usda-r18.html
repoview/wxBase.html
repoview/wxGTK-devel.html
repoview/wxGTK-gl.html
repoview/wxGTK-media.html
repoview/wxGTK.html

sent 8730 bytes  received 892401 bytes  200251.33 bytes/sec
total size is 153506740  speedup is 170.35
Spawning worker 0 with 126 pkgs
Workers Finished
Gathering worker results

Saving Primary metadata
Saving file lists metadata
Saving other metadata
Generating sqlite DBs
Sqlite DBs complete
receiving incremental file list
./
barman-1.3.2-1.rhel6.noarch.rpm
pg_jobmon92-1.2.0-1.rhel6.noarch.rpm
pg_partman92-1.7.0-1.rhel6.x86_64.rpm
pg_partman92-debuginfo-1.7.0-1.rhel6.x86_64.rpm
pgdg-oraclelinux92-9.2-7.noarch.rpm
pgespresso92-1.0.0-1.rhel6.x86_64.rpm
pgespresso92-1.0.0-2.rhel6.x86_64.rpm
pgespresso92-debuginfo-1.0.0-1.rhel6.x86_64.rpm
pgespresso92-debuginfo-1.0.0-2.rhel6.x86_64.rpm
repodata/
repodata/305d69028c3cdce897ba8f5b8edd9f32e41d16d42f2f0fec8868d7633b62a532-primary.sqlite.bz2
repodata/389afa3866961816965b323ccc56d76caac5747f25dabf0717106e16aae20e7f-primary.xml.gz
repodata/3b6af24a08d0c4c4253e4b1a8c6d75d7cf09e2e5913f8339e5d4b4fc64c33093-other.xml.gz
repodata/461f6a54899adee4e18f2ed9ef7c0a37f6162c55984ca4c0e3767287d2d3934e-postgresqldbserver-9.2.xml
repodata/9660e0858d6a80c2966897acac97a38c66603bc1ab84ab655c5b2d5b4ad309b6-other.sqlite.bz2
repodata/98384cff345277555326cccf3b5dadd89911f302946a7524874eaf5a46eba5d7-filelists.sqlite.bz2
repodata/9ed13b19ed1016fef84cc6f2ea531dc7ef81f8fc78a89defa5b497e60dea77d0-postgresqldbserver-9.2.xml.gz
repodata/ed3fbb136f7b010230330d786ee5e4538f93b45b72fbd5f1c374a22aa31500a0-filelists.xml.gz
repodata/repomd.xml
repoview/
repoview/CGAL.html
repoview/MigrationWizard.html
repoview/barman.html
repoview/boxinfo.html
repoview/bucardo.html
repoview/check_postgres.html
repoview/compat-libevent14-debuginfo.html
repoview/compat-libevent14-devel.html
repoview/compat-libevent14.html
repoview/compat-slang-debuginfo.html
repoview/compat-slang.html
repoview/emaj-debuginfo.html
repoview/emaj.html
repoview/gaul-devel.html
repoview/gdal-devel.html
repoview/gdal-java.html
repoview/gdal-javadoc.html
repoview/gdal-libs.html
repoview/gdal-perl.html
repoview/gdal-python.html
repoview/gdal.html
repoview/geos-debuginfo.html
repoview/geos-devel.html
repoview/geos-python.html
repoview/geos.html
repoview/gpsbabel.html
repoview/index.html
repoview/ip4r92-debuginfo.html
repoview/ip4r92.html
repoview/latest-feed.xml
repoview/letter_b.group.html
repoview/letter_c.group.html
repoview/letter_e.group.html
repoview/letter_g.group.html
repoview/letter_i.group.html
repoview/letter_l.group.html
repoview/letter_m.group.html
repoview/letter_o.group.html
repoview/letter_p.group.html
repoview/letter_r.group.html
repoview/letter_s.group.html
repoview/letter_t.group.html
repoview/letter_u.group.html
repoview/letter_w.group.html
repoview/libevent-debuginfo.html
repoview/libevent-devel.html
repoview/libevent.html
repoview/libgeotiff-devel.html
repoview/libgeotiff.html
repoview/libpqxx-debuginfo.html
repoview/libpqxx-devel.html
repoview/libpqxx.html
repoview/ora2pg.html
repoview/pagila92.html
repoview/pg_activity.html
repoview/pg_comparator92-debuginfo.html
repoview/pg_comparator92.html
repoview/pg_filedump92-debuginfo.html
repoview/pg_filedump92.html
repoview/pg_jobmon92.html
repoview/pg_partman92-debuginfo.html
repoview/pg_partman92.html
repoview/pg_top92-debuginfo.html
repoview/pg_top92.html
repoview/pgadmin3_92-debuginfo.html
repoview/pgadmin3_92-docs.html
repoview/pgadmin3_92.html
repoview/pgagent_92-debuginfo.html
repoview/pgagent_92.html
repoview/pgbadger.html
repoview/pgbouncer-debuginfo.html
repoview/pgbouncer.html
repoview/pgcluu.html
repoview/pgdg-centos92.html
repoview/pgdg-oraclelinux92.html
repoview/pgdg-redhat92.html
repoview/pgdg-sl92.html
repoview/pgespresso92-debuginfo.html
repoview/pgespresso92.html
repoview/pgfincore92-debuginfo.html
repoview/pgfincore92.html
repoview/pgfouine.html
repoview/pgloader.html
repoview/pgpool-II-92-debuginfo.html
repoview/pgpool-II-92-devel.html
repoview/pgpool-II-92.html
repoview/pgreplay-debuginfo.html
repoview/pgreplay.html
repoview/pgrouting_92-debuginfo.html
repoview/pgrouting_92.html
repoview/pgsphere92-debuginfo.html
repoview/pgsphere92.html
repoview/pgxnclient-debuginfo.html
repoview/pgxnclient.html
repoview/phpPgAdmin.html
repoview/plproxy92-debuginfo.html
repoview/plproxy92.html
repoview/plr92-debuginfo.html
repoview/plr92.html
repoview/plsh92-debuginfo.html
repoview/plsh92.html
repoview/postgis2_92-client.html
repoview/postgis2_92-debuginfo.html
repoview/postgis2_92-devel.html
repoview/postgis2_92-docs.html
repoview/postgis2_92-utils.html
repoview/postgis2_92.html
repoview/postgresql92-contrib.html
repoview/postgresql92-debuginfo.html
repoview/postgresql92-devel.html
repoview/postgresql92-docs.html
repoview/postgresql92-jdbc-debuginfo.html
repoview/postgresql92-jdbc.html
repoview/postgresql92-libs.html
repoview/postgresql92-odbc-debuginfo.html
repoview/postgresql92-odbc.html
repoview/postgresql92-plperl.html
repoview/postgresql92-plpython.html
repoview/postgresql92-pltcl.html
repoview/postgresql92-server.html
repoview/postgresql92-tcl-debuginfo.html
repoview/postgresql92-tcl.html
repoview/postgresql92-test.html
repoview/postgresql92.html
repoview/postgresql_autodoc.html
repoview/postgresqldbserver92.group.html
repoview/prefix92-debuginfo.html
repoview/prefix92.html
repoview/proj-debuginfo.html
repoview/proj-devel.html
repoview/proj-epsg.html
repoview/proj-nad.html
repoview/proj.html
repoview/python-argcomplete.html
repoview/python-argh.html
repoview/python-argparse.html
repoview/python-psycopg2-debuginfo.html
repoview/python-psycopg2-doc.html
repoview/python-psycopg2-test.html
repoview/python-psycopg2.html
repoview/repmgr-debuginfo.html
repoview/repmgr.html
repoview/skytools-92-debuginfo.html
repoview/skytools-92-modules.html
repoview/skytools-92.html
repoview/slony1-92-debuginfo.html
repoview/slony1-92.html
repoview/split_postgres_dump.html
repoview/state.sqlite
repoview/tail_n_mail.html
repoview/usda-r18.html
repoview/wxBase.html
repoview/wxGTK-devel.html
repoview/wxGTK-gl.html
repoview/wxGTK-media.html
repoview/wxGTK.html

sent 8730 bytes  received 892401 bytes  200251.33 bytes/sec
total size is 153506740  speedup is 170.35
Spawning worker 0 with 126 pkgs
Workers Finished
Gathering worker results

Saving Primary metadata
Saving file lists metadata
Saving other metadata
Generating sqlite DBs
Sqlite DBs complete
receiving incremental file list
./
barman-1.3.2-1.rhel6.noarch.rpm
pg_jobmon92-1.2.0-1.rhel6.noarch.rpm
pg_partman92-1.7.0-1.rhel6.x86_64.rpm
pg_partman92-debuginfo-1.7.0-1.rhel6.x86_64.rpm
pgdg-oraclelinux92-9.2-7.noarch.rpm
pgespresso92-1.0.0-1.rhel6.x86_64.rpm
pgespresso92-1.0.0-2.rhel6.x86_64.rpm
pgespresso92-debuginfo-1.0.0-1.rhel6.x86_64.rpm
pgespresso92-debuginfo-1.0.0-2.rhel6.x86_64.rpm
repodata/
repodata/305d69028c3cdce897ba8f5b8edd9f32e41d16d42f2f0fec8868d7633b62a532-primary.sqlite.bz2
repodata/389afa3866961816965b323ccc56d76caac5747f25dabf0717106e16aae20e7f-primary.xml.gz
repodata/3b6af24a08d0c4c4253e4b1a8c6d75d7cf09e2e5913f8339e5d4b4fc64c33093-other.xml.gz
repodata/461f6a54899adee4e18f2ed9ef7c0a37f6162c55984ca4c0e3767287d2d3934e-postgresqldbserver-9.2.xml
repodata/9660e0858d6a80c2966897acac97a38c66603bc1ab84ab655c5b2d5b4ad309b6-other.sqlite.bz2
repodata/98384cff345277555326cccf3b5dadd89911f302946a7524874eaf5a46eba5d7-filelists.sqlite.bz2
repodata/9ed13b19ed1016fef84cc6f2ea531dc7ef81f8fc78a89defa5b497e60dea77d0-postgresqldbserver-9.2.xml.gz
repodata/ed3fbb136f7b010230330d786ee5e4538f93b45b72fbd5f1c374a22aa31500a0-filelists.xml.gz
repodata/repomd.xml
repoview/
repoview/CGAL.html
repoview/MigrationWizard.html
repoview/barman.html
repoview/boxinfo.html
repoview/bucardo.html
repoview/check_postgres.html
repoview/compat-libevent14-debuginfo.html
repoview/compat-libevent14-devel.html
repoview/compat-libevent14.html
repoview/compat-slang-debuginfo.html
repoview/compat-slang.html
repoview/emaj-debuginfo.html
repoview/emaj.html
repoview/gaul-devel.html
repoview/gdal-devel.html
repoview/gdal-java.html
repoview/gdal-javadoc.html
repoview/gdal-libs.html
repoview/gdal-perl.html
repoview/gdal-python.html
repoview/gdal.html
repoview/geos-debuginfo.html
repoview/geos-devel.html
repoview/geos-python.html
repoview/geos.html
repoview/gpsbabel.html
repoview/index.html
repoview/ip4r92-debuginfo.html
repoview/ip4r92.html
repoview/latest-feed.xml
repoview/letter_b.group.html
repoview/letter_c.group.html
repoview/letter_e.group.html
repoview/letter_g.group.html
repoview/letter_i.group.html
repoview/letter_l.group.html
repoview/letter_m.group.html
repoview/letter_o.group.html
repoview/letter_p.group.html
repoview/letter_r.group.html
repoview/letter_s.group.html
repoview/letter_t.group.html
repoview/letter_u.group.html
repoview/letter_w.group.html
repoview/libevent-debuginfo.html
repoview/libevent-devel.html
repoview/libevent.html
repoview/libgeotiff-devel.html
repoview/libgeotiff.html
repoview/libpqxx-debuginfo.html
repoview/libpqxx-devel.html
repoview/libpqxx.html
repoview/ora2pg.html
repoview/pagila92.html
repoview/pg_activity.html
repoview/pg_comparator92-debuginfo.html
repoview/pg_comparator92.html
repoview/pg_filedump92-debuginfo.html
repoview/pg_filedump92.html
repoview/pg_jobmon92.html
repoview/pg_partman92-debuginfo.html
repoview/pg_partman92.html
repoview/pg_top92-debuginfo.html
repoview/pg_top92.html
repoview/pgadmin3_92-debuginfo.html
repoview/pgadmin3_92-docs.html
repoview/pgadmin3_92.html
repoview/pgagent_92-debuginfo.html
repoview/pgagent_92.html
repoview/pgbadger.html
repoview/pgbouncer-debuginfo.html
repoview/pgbouncer.html
repoview/pgcluu.html
repoview/pgdg-centos92.html
repoview/pgdg-oraclelinux92.html
repoview/pgdg-redhat92.html
repoview/pgdg-sl92.html
repoview/pgespresso92-debuginfo.html
repoview/pgespresso92.html
repoview/pgfincore92-debuginfo.html
repoview/pgfincore92.html
repoview/pgfouine.html
repoview/pgloader.html
repoview/pgpool-II-92-debuginfo.html
repoview/pgpool-II-92-devel.html
repoview/pgpool-II-92.html
repoview/pgreplay-debuginfo.html
repoview/pgreplay.html
repoview/pgrouting_92-debuginfo.html
repoview/pgrouting_92.html
repoview/pgsphere92-debuginfo.html
repoview/pgsphere92.html
repoview/pgxnclient-debuginfo.html
repoview/pgxnclient.html
repoview/phpPgAdmin.html
repoview/plproxy92-debuginfo.html
repoview/plproxy92.html
repoview/plr92-debuginfo.html
repoview/plr92.html
repoview/plsh92-debuginfo.html
repoview/plsh92.html
repoview/postgis2_92-client.html
repoview/postgis2_92-debuginfo.html
repoview/postgis2_92-devel.html
repoview/postgis2_92-docs.html
repoview/postgis2_92-utils.html
repoview/postgis2_92.html
repoview/postgresql92-contrib.html
repoview/postgresql92-debuginfo.html
repoview/postgresql92-devel.html
repoview/postgresql92-docs.html
repoview/postgresql92-jdbc-debuginfo.html
repoview/postgresql92-jdbc.html
repoview/postgresql92-libs.html
repoview/postgresql92-odbc-debuginfo.html
repoview/postgresql92-odbc.html
repoview/postgresql92-plperl.html
repoview/postgresql92-plpython.html
repoview/postgresql92-pltcl.html
repoview/postgresql92-server.html
repoview/postgresql92-tcl-debuginfo.html
repoview/postgresql92-tcl.html
repoview/postgresql92-test.html
repoview/postgresql92.html
repoview/postgresql_autodoc.html
repoview/postgresqldbserver92.group.html
repoview/prefix92-debuginfo.html
repoview/prefix92.html
repoview/proj-debuginfo.html
repoview/proj-devel.html
repoview/proj-epsg.html
repoview/proj-nad.html
repoview/proj.html
repoview/python-argcomplete.html
repoview/python-argh.html
repoview/python-argparse.html
repoview/python-psycopg2-debuginfo.html
repoview/python-psycopg2-doc.html
repoview/python-psycopg2-test.html
repoview/python-psycopg2.html
repoview/repmgr-debuginfo.html
repoview/repmgr.html
repoview/skytools-92-debuginfo.html
repoview/skytools-92-modules.html
repoview/skytools-92.html
repoview/slony1-92-debuginfo.html
repoview/slony1-92.html
repoview/split_postgres_dump.html
repoview/state.sqlite
repoview/tail_n_mail.html
repoview/usda-r18.html
repoview/wxBase.html
repoview/wxGTK-devel.html
repoview/wxGTK-gl.html
repoview/wxGTK-media.html
repoview/wxGTK.html

sent 8730 bytes  received 892401 bytes  200251.33 bytes/sec
total size is 153506740  speedup is 170.35
Spawning worker 0 with 126 pkgs
Workers Finished
Gathering worker results

Saving Primary metadata
Saving file lists metadata
Saving other metadata
Generating sqlite DBs
Sqlite DBs complete
receiving incremental file list
./
barman-1.3.2-1.rhel6.noarch.rpm
pg_jobmon92-1.2.0-1.rhel6.noarch.rpm
pg_partman92-1.7.0-1.rhel6.x86_64.rpm
pg_partman92-debuginfo-1.7.0-1.rhel6.x86_64.rpm
pgdg-oraclelinux92-9.2-7.noarch.rpm
pgespresso92-1.0.0-1.rhel6.x86_64.rpm
pgespresso92-1.0.0-2.rhel6.x86_64.rpm
pgespresso92-debuginfo-1.0.0-1.rhel6.x86_64.rpm
pgespresso92-debuginfo-1.0.0-2.rhel6.x86_64.rpm
repodata/
repodata/305d69028c3cdce897ba8f5b8edd9f32e41d16d42f2f0fec8868d7633b62a532-primary.sqlite.bz2
repodata/389afa3866961816965b323ccc56d76caac5747f25dabf0717106e16aae20e7f-primary.xml.gz
repodata/3b6af24a08d0c4c4253e4b1a8c6d75d7cf09e2e5913f8339e5d4b4fc64c33093-other.xml.gz
repodata/461f6a54899adee4e18f2ed9ef7c0a37f6162c55984ca4c0e3767287d2d3934e-postgresqldbserver-9.2.xml
repodata/9660e0858d6a80c2966897acac97a38c66603bc1ab84ab655c5b2d5b4ad309b6-other.sqlite.bz2
repodata/98384cff345277555326cccf3b5dadd89911f302946a7524874eaf5a46eba5d7-filelists.sqlite.bz2
repodata/9ed13b19ed1016fef84cc6f2ea531dc7ef81f8fc78a89defa5b497e60dea77d0-postgresqldbserver-9.2.xml.gz
repodata/ed3fbb136f7b010230330d786ee5e4538f93b45b72fbd5f1c374a22aa31500a0-filelists.xml.gz
repodata/repomd.xml
repoview/
repoview/CGAL.html
repoview/MigrationWizard.html
repoview/barman.html
repoview/boxinfo.html
repoview/bucardo.html
repoview/check_postgres.html
repoview/compat-libevent14-debuginfo.html
repoview/compat-libevent14-devel.html
repoview/compat-libevent14.html
repoview/compat-slang-debuginfo.html
repoview/compat-slang.html
repoview/emaj-debuginfo.html
repoview/emaj.html
repoview/gaul-devel.html
repoview/gdal-devel.html
repoview/gdal-java.html
repoview/gdal-javadoc.html
repoview/gdal-libs.html
repoview/gdal-perl.html
repoview/gdal-python.html
repoview/gdal.html
repoview/geos-debuginfo.html
repoview/geos-devel.html
repoview/geos-python.html
repoview/geos.html
repoview/gpsbabel.html
repoview/index.html
repoview/ip4r92-debuginfo.html
repoview/ip4r92.html
repoview/latest-feed.xml
repoview/letter_b.group.html
repoview/letter_c.group.html
repoview/letter_e.group.html
repoview/letter_g.group.html
repoview/letter_i.group.html
repoview/letter_l.group.html
repoview/letter_m.group.html
repoview/letter_o.group.html
repoview/letter_p.group.html
repoview/letter_r.group.html
repoview/letter_s.group.html
repoview/letter_t.group.html
repoview/letter_u.group.html
repoview/letter_w.group.html
repoview/libevent-debuginfo.html
repoview/libevent-devel.html
repoview/libevent.html
repoview/libgeotiff-devel.html
repoview/libgeotiff.html
repoview/libpqxx-debuginfo.html
repoview/libpqxx-devel.html
repoview/libpqxx.html
repoview/ora2pg.html
repoview/pagila92.html
repoview/pg_activity.html
repoview/pg_comparator92-debuginfo.html
repoview/pg_comparator92.html
repoview/pg_filedump92-debuginfo.html
repoview/pg_filedump92.html
repoview/pg_jobmon92.html
repoview/pg_partman92-debuginfo.html
repoview/pg_partman92.html
repoview/pg_top92-debuginfo.html
repoview/pg_top92.html
repoview/pgadmin3_92-debuginfo.html
repoview/pgadmin3_92-docs.html
repoview/pgadmin3_92.html
repoview/pgagent_92-debuginfo.html
repoview/pgagent_92.html
repoview/pgbadger.html
repoview/pgbouncer-debuginfo.html
repoview/pgbouncer.html
repoview/pgcluu.html
repoview/pgdg-centos92.html
repoview/pgdg-oraclelinux92.html
repoview/pgdg-redhat92.html
repoview/pgdg-sl92.html
repoview/pgespresso92-debuginfo.html
repoview/pgespresso92.html
repoview/pgfincore92-debuginfo.html
repoview/pgfincore92.html
repoview/pgfouine.html
repoview/pgloader.html
repoview/pgpool-II-92-debuginfo.html
repoview/pgpool-II-92-devel.html
repoview/pgpool-II-92.html
repoview/pgreplay-debuginfo.html
repoview/pgreplay.html
repoview/pgrouting_92-debuginfo.html
repoview/pgrouting_92.html
repoview/pgsphere92-debuginfo.html
repoview/pgsphere92.html
repoview/pgxnclient-debuginfo.html
repoview/pgxnclient.html
repoview/phpPgAdmin.html
repoview/plproxy92-debuginfo.html
repoview/plproxy92.html
repoview/plr92-debuginfo.html
repoview/plr92.html
repoview/plsh92-debuginfo.html
repoview/plsh92.html
repoview/postgis2_92-client.html
repoview/postgis2_92-debuginfo.html
repoview/postgis2_92-devel.html
repoview/postgis2_92-docs.html
repoview/postgis2_92-utils.html
repoview/postgis2_92.html
repoview/postgresql92-contrib.html
repoview/postgresql92-debuginfo.html
repoview/postgresql92-devel.html
repoview/postgresql92-docs.html
repoview/postgresql92-jdbc-debuginfo.html
repoview/postgresql92-jdbc.html
repoview/postgresql92-libs.html
repoview/postgresql92-odbc-debuginfo.html
repoview/postgresql92-odbc.html
repoview/postgresql92-plperl.html
repoview/postgresql92-plpython.html
repoview/postgresql92-pltcl.html
repoview/postgresql92-server.html
repoview/postgresql92-tcl-debuginfo.html
repoview/postgresql92-tcl.html
repoview/postgresql92-test.html
repoview/postgresql92.html
repoview/postgresql_autodoc.html
repoview/postgresqldbserver92.group.html
repoview/prefix92-debuginfo.html
repoview/prefix92.html
repoview/proj-debuginfo.html
repoview/proj-devel.html
repoview/proj-epsg.html
repoview/proj-nad.html
repoview/proj.html
repoview/python-argcomplete.html
repoview/python-argh.html
repoview/python-argparse.html
repoview/python-psycopg2-debuginfo.html
repoview/python-psycopg2-doc.html
repoview/python-psycopg2-test.html
repoview/python-psycopg2.html
repoview/repmgr-debuginfo.html
repoview/repmgr.html
repoview/skytools-92-debuginfo.html
repoview/skytools-92-modules.html
repoview/skytools-92.html
repoview/slony1-92-debuginfo.html
repoview/slony1-92.html
repoview/split_postgres_dump.html
repoview/state.sqlite
repoview/tail_n_mail.html
repoview/usda-r18.html
repoview/wxBase.html
repoview/wxGTK-devel.html
repoview/wxGTK-gl.html
repoview/wxGTK-media.html
repoview/wxGTK.html

sent 8730 bytes  received 892401 bytes  200251.33 bytes/sec
total size is 153506740  speedup is 170.35
Spawning worker 0 with 106 pkgs
Workers Finished
Gathering worker results

Saving Primary metadata
Saving file lists metadata
Saving other metadata
Generating sqlite DBs
Sqlite DBs complete
receiving incremental file list
./
barman-1.3.2-1.rhel6.noarch.rpm
pg_jobmon93-1.2.0-1.rhel6.noarch.rpm
pg_partman93-1.7.0-1.rhel6.x86_64.rpm
pg_partman93-debuginfo-1.7.0-1.rhel6.x86_64.rpm
pgespresso93-1.0.0-1.rhel6.x86_64.rpm
pgespresso93-1.0.0-2.rhel6.x86_64.rpm
pgespresso93-debuginfo-1.0.0-1.rhel6.x86_64.rpm
pgespresso93-debuginfo-1.0.0-2.rhel6.x86_64.rpm
repodata/
repodata/102a0fa2c50ae5c5b1c693e6b0e271a7ad83a3ba2af9abc9780905e50a3ed93f-filelists.sqlite.bz2
repodata/3c0797cdbae9c7c2bbe5a1b47f49e1590efd73e479f76a2e0ea35952db95962f-primary.xml.gz
repodata/481473dab2f89c2ef788b42d392ec554002bf0cd2ced3983570395c8ffd56ab6-postgresqldbserver-9.3.xml.gz
repodata/829414b21899f149da4a31764ce07abeda1522ce4c38da2f69bd30249665bbba-postgresqldbserver-9.3.xml
repodata/85dc59ca4aa0abb4b57bd24d0d492e9f049389d618e1978f9206b7546c1fdf3f-filelists.xml.gz
repodata/ad0e19250c4aa4405b2850a5901f400405a36dec5fe60e1fb617f254251b7c74-other.xml.gz
repodata/b6901ea374b77e5a5962ea472432c798e7dc4b721dc3fb8315b42d82eb4f80d5-primary.sqlite.bz2
repodata/d3c554c72985a740abe90668a4e26aaa8b7c6f4146c6d588b440d4fb766a074e-other.sqlite.bz2
repodata/repomd.xml
repoview/
repoview/CGAL.html
repoview/barman.html
repoview/boxinfo.html
repoview/check_postgres.html
repoview/compat-libevent14-debuginfo.html
repoview/compat-libevent14-devel.html
repoview/compat-libevent14.html
repoview/emaj-debuginfo.html
repoview/emaj.html
repoview/gdal-devel.html
repoview/gdal-java.html
repoview/gdal-javadoc.html
repoview/gdal-libs.html
repoview/gdal-perl.html
repoview/gdal-python.html
repoview/gdal.html
repoview/geos-debuginfo.html
repoview/geos-devel.html
repoview/geos-python.html
repoview/geos.html
repoview/gpsbabel.html
repoview/index.html
repoview/ip4r93-debuginfo.html
repoview/ip4r93.html
repoview/latest-feed.xml
repoview/letter_b.group.html
repoview/letter_c.group.html
repoview/letter_e.group.html
repoview/letter_g.group.html
repoview/letter_i.group.html
repoview/letter_l.group.html
repoview/letter_o.group.html
repoview/letter_p.group.html
repoview/letter_r.group.html
repoview/letter_s.group.html
repoview/letter_t.group.html
repoview/letter_u.group.html
repoview/letter_v.group.html
repoview/libevent-debuginfo.html
repoview/libevent-devel.html
repoview/libevent.html
repoview/libgeotiff-devel.html
repoview/libgeotiff.html
repoview/libmemcached-debuginfo.html
repoview/libmemcached-devel.html
repoview/libmemcached.html
repoview/libpqxx-debuginfo.html
repoview/libpqxx-devel.html
repoview/libpqxx.html
repoview/ora2pg.html
repoview/pagila93.html
repoview/pg_activity.html
repoview/pg_comparator93-debuginfo.html
repoview/pg_comparator93.html
repoview/pg_jobmon93.html
repoview/pg_partman93-debuginfo.html
repoview/pg_partman93.html
repoview/pg_top93-debuginfo.html
repoview/pg_top93.html
repoview/pgadmin3_93-debuginfo.html
repoview/pgadmin3_93-docs.html
repoview/pgadmin3_93.html
repoview/pgbadger.html
repoview/pgbouncer-debuginfo.html
repoview/pgbouncer.html
repoview/pgcluu.html
repoview/pgdg-centos93.html
repoview/pgdg-oraclelinux93.html
repoview/pgdg-redhat93.html
repoview/pgdg-sl93.html
repoview/pgespresso93-debuginfo.html
repoview/pgespresso93.html
repoview/pgfincore93-debuginfo.html
repoview/pgfincore93.html
repoview/pgloader.html
repoview/pgmemcache-93-debuginfo.html
repoview/pgmemcache-93.html
repoview/pgpool-II-93-debuginfo.html
repoview/pgpool-II-93-devel.html
repoview/pgpool-II-93.html
repoview/pgrouting_93-debuginfo.html
repoview/pgrouting_93.html
repoview/pgxnclient-debuginfo.html
repoview/pgxnclient.html
repoview/phpPgAdmin.html
repoview/plproxy93-debuginfo.html
repoview/plproxy93.html
repoview/plr93-debuginfo.html
repoview/plr93.html
repoview/plsh93-debuginfo.html
repoview/plsh93.html
repoview/plv8_93-debuginfo.html
repoview/plv8_93.html
repoview/postgis2_93-client.html
repoview/postgis2_93-debuginfo.html
repoview/postgis2_93-devel.html
repoview/postgis2_93-docs.html
repoview/postgis2_93-utils.html
repoview/postgis2_93.html
repoview/postgresql93-contrib.html
repoview/postgresql93-debuginfo.html
repoview/postgresql93-devel.html
repoview/postgresql93-docs.html
repoview/postgresql93-libs.html
repoview/postgresql93-odbc-debuginfo.html
repoview/postgresql93-odbc.html
repoview/postgresql93-plperl.html
repoview/postgresql93-plpython.html
repoview/postgresql93-pltcl.html
repoview/postgresql93-server.html
repoview/postgresql93-test.html
repoview/postgresql93.html
repoview/postgresql_autodoc.html
repoview/postgresqldbserver93.group.html
repoview/proj-debuginfo.html
repoview/proj-devel.html
repoview/proj-epsg.html
repoview/proj-nad.html
repoview/proj.html
repoview/python-argcomplete.html
repoview/python-argh.html
repoview/python-argparse.html
repoview/python-psycopg2-debuginfo.html
repoview/python-psycopg2-doc.html
repoview/python-psycopg2-test.html
repoview/python-psycopg2.html
repoview/repmgr-debuginfo.html
repoview/repmgr.html
repoview/skytools-93-debuginfo.html
repoview/skytools-93-modules.html
repoview/skytools-93.html
repoview/slony1-93-debuginfo.html
repoview/slony1-93.html
repoview/split_postgres_dump.html
repoview/state.sqlite
repoview/tail_n_mail.html
repoview/usda-r18.html
repoview/v8-devel.html
repoview/v8.html

sent 7980 bytes  received 861273 bytes  193167.33 bytes/sec
total size is 168589517  speedup is 193.95
Spawning worker 0 with 38 pkgs
Workers Finished
Gathering worker results

Saving Primary metadata
Saving file lists metadata
Saving other metadata
Generating sqlite DBs
Sqlite DBs complete
receiving incremental file list
./
barman-1.3.2-1.rhel6.noarch.rpm
pg_jobmon93-1.2.0-1.rhel6.noarch.rpm
pg_partman93-1.7.0-1.rhel6.x86_64.rpm
pg_partman93-debuginfo-1.7.0-1.rhel6.x86_64.rpm
pgespresso93-1.0.0-1.rhel6.x86_64.rpm
pgespresso93-1.0.0-2.rhel6.x86_64.rpm
pgespresso93-debuginfo-1.0.0-1.rhel6.x86_64.rpm
pgespresso93-debuginfo-1.0.0-2.rhel6.x86_64.rpm
repodata/
repodata/102a0fa2c50ae5c5b1c693e6b0e271a7ad83a3ba2af9abc9780905e50a3ed93f-filelists.sqlite.bz2
repodata/3c0797cdbae9c7c2bbe5a1b47f49e1590efd73e479f76a2e0ea35952db95962f-primary.xml.gz
repodata/481473dab2f89c2ef788b42d392ec554002bf0cd2ced3983570395c8ffd56ab6-postgresqldbserver-9.3.xml.gz
repodata/829414b21899f149da4a31764ce07abeda1522ce4c38da2f69bd30249665bbba-postgresqldbserver-9.3.xml
repodata/85dc59ca4aa0abb4b57bd24d0d492e9f049389d618e1978f9206b7546c1fdf3f-filelists.xml.gz
repodata/ad0e19250c4aa4405b2850a5901f400405a36dec5fe60e1fb617f254251b7c74-other.xml.gz
repodata/b6901ea374b77e5a5962ea472432c798e7dc4b721dc3fb8315b42d82eb4f80d5-primary.sqlite.bz2
repodata/d3c554c72985a740abe90668a4e26aaa8b7c6f4146c6d588b440d4fb766a074e-other.sqlite.bz2
repodata/repomd.xml
repoview/
repoview/CGAL.html
repoview/barman.html
repoview/boxinfo.html
repoview/check_postgres.html
repoview/compat-libevent14-debuginfo.html
repoview/compat-libevent14-devel.html
repoview/compat-libevent14.html
repoview/emaj-debuginfo.html
repoview/emaj.html
repoview/gdal-devel.html
repoview/gdal-java.html
repoview/gdal-javadoc.html
repoview/gdal-libs.html
repoview/gdal-perl.html
repoview/gdal-python.html
repoview/gdal.html
repoview/geos-debuginfo.html
repoview/geos-devel.html
repoview/geos-python.html
repoview/geos.html
repoview/gpsbabel.html
repoview/index.html
repoview/ip4r93-debuginfo.html
repoview/ip4r93.html
repoview/latest-feed.xml
repoview/letter_b.group.html
repoview/letter_c.group.html
repoview/letter_e.group.html
repoview/letter_g.group.html
repoview/letter_i.group.html
repoview/letter_l.group.html
repoview/letter_o.group.html
repoview/letter_p.group.html
repoview/letter_r.group.html
repoview/letter_s.group.html
repoview/letter_t.group.html
repoview/letter_u.group.html
repoview/letter_v.group.html
repoview/libevent-debuginfo.html
repoview/libevent-devel.html
repoview/libevent.html
repoview/libgeotiff-devel.html
repoview/libgeotiff.html
repoview/libmemcached-debuginfo.html
repoview/libmemcached-devel.html
repoview/libmemcached.html
repoview/libpqxx-debuginfo.html
repoview/libpqxx-devel.html
repoview/libpqxx.html
repoview/ora2pg.html
repoview/pagila93.html
repoview/pg_activity.html
repoview/pg_comparator93-debuginfo.html
repoview/pg_comparator93.html
repoview/pg_jobmon93.html
repoview/pg_partman93-debuginfo.html
repoview/pg_partman93.html
repoview/pg_top93-debuginfo.html
repoview/pg_top93.html
repoview/pgadmin3_93-debuginfo.html
repoview/pgadmin3_93-docs.html
repoview/pgadmin3_93.html
repoview/pgbadger.html
repoview/pgbouncer-debuginfo.html
repoview/pgbouncer.html
repoview/pgcluu.html
repoview/pgdg-centos93.html
repoview/pgdg-oraclelinux93.html
repoview/pgdg-redhat93.html
repoview/pgdg-sl93.html
repoview/pgespresso93-debuginfo.html
repoview/pgespresso93.html
repoview/pgfincore93-debuginfo.html
repoview/pgfincore93.html
repoview/pgloader.html
repoview/pgmemcache-93-debuginfo.html
repoview/pgmemcache-93.html
repoview/pgpool-II-93-debuginfo.html
repoview/pgpool-II-93-devel.html
repoview/pgpool-II-93.html
repoview/pgrouting_93-debuginfo.html
repoview/pgrouting_93.html
repoview/pgxnclient-debuginfo.html
repoview/pgxnclient.html
repoview/phpPgAdmin.html
repoview/plproxy93-debuginfo.html
repoview/plproxy93.html
repoview/plr93-debuginfo.html
repoview/plr93.html
repoview/plsh93-debuginfo.html
repoview/plsh93.html
repoview/plv8_93-debuginfo.html
repoview/plv8_93.html
repoview/postgis2_93-client.html
repoview/postgis2_93-debuginfo.html
repoview/postgis2_93-devel.html
repoview/postgis2_93-docs.html
repoview/postgis2_93-utils.html
repoview/postgis2_93.html
repoview/postgresql93-contrib.html
repoview/postgresql93-debuginfo.html
repoview/postgresql93-devel.html
repoview/postgresql93-docs.html
repoview/postgresql93-libs.html
repoview/postgresql93-odbc-debuginfo.html
repoview/postgresql93-odbc.html
repoview/postgresql93-plperl.html
repoview/postgresql93-plpython.html
repoview/postgresql93-pltcl.html
repoview/postgresql93-server.html
repoview/postgresql93-test.html
repoview/postgresql93.html
repoview/postgresql_autodoc.html
repoview/postgresqldbserver93.group.html
repoview/proj-debuginfo.html
repoview/proj-devel.html
repoview/proj-epsg.html
repoview/proj-nad.html
repoview/proj.html
repoview/python-argcomplete.html
repoview/python-argh.html
repoview/python-argparse.html
repoview/python-psycopg2-debuginfo.html
repoview/python-psycopg2-doc.html
repoview/python-psycopg2-test.html
repoview/python-psycopg2.html
repoview/repmgr-debuginfo.html
repoview/repmgr.html
repoview/skytools-93-debuginfo.html
repoview/skytools-93-modules.html
repoview/skytools-93.html
repoview/slony1-93-debuginfo.html
repoview/slony1-93.html
repoview/split_postgres_dump.html
repoview/state.sqlite
repoview/tail_n_mail.html
repoview/usda-r18.html
repoview/v8-devel.html
repoview/v8.html

sent 7980 bytes  received 861273 bytes  193167.33 bytes/sec
total size is 168589517  speedup is 193.95
Spawning worker 0 with 38 pkgs
Workers Finished
Gathering worker results

Saving Primary metadata
Saving file lists metadata
Saving other metadata
Generating sqlite DBs
Sqlite DBs complete
receiving incremental file list
./
barman-1.3.2-1.rhel6.noarch.rpm
pg_jobmon93-1.2.0-1.rhel6.noarch.rpm
pg_partman93-1.7.0-1.rhel6.x86_64.rpm
pg_partman93-debuginfo-1.7.0-1.rhel6.x86_64.rpm
pgespresso93-1.0.0-1.rhel6.x86_64.rpm
pgespresso93-1.0.0-2.rhel6.x86_64.rpm
pgespresso93-debuginfo-1.0.0-1.rhel6.x86_64.rpm
pgespresso93-debuginfo-1.0.0-2.rhel6.x86_64.rpm
repodata/
repodata/102a0fa2c50ae5c5b1c693e6b0e271a7ad83a3ba2af9abc9780905e50a3ed93f-filelists.sqlite.bz2
repodata/3c0797cdbae9c7c2bbe5a1b47f49e1590efd73e479f76a2e0ea35952db95962f-primary.xml.gz
repodata/481473dab2f89c2ef788b42d392ec554002bf0cd2ced3983570395c8ffd56ab6-postgresqldbserver-9.3.xml.gz
repodata/829414b21899f149da4a31764ce07abeda1522ce4c38da2f69bd30249665bbba-postgresqldbserver-9.3.xml
repodata/85dc59ca4aa0abb4b57bd24d0d492e9f049389d618e1978f9206b7546c1fdf3f-filelists.xml.gz
repodata/ad0e19250c4aa4405b2850a5901f400405a36dec5fe60e1fb617f254251b7c74-other.xml.gz
repodata/b6901ea374b77e5a5962ea472432c798e7dc4b721dc3fb8315b42d82eb4f80d5-primary.sqlite.bz2
repodata/d3c554c72985a740abe90668a4e26aaa8b7c6f4146c6d588b440d4fb766a074e-other.sqlite.bz2
repodata/repomd.xml
repoview/
repoview/CGAL.html
repoview/barman.html
repoview/boxinfo.html
repoview/check_postgres.html
repoview/compat-libevent14-debuginfo.html
repoview/compat-libevent14-devel.html
repoview/compat-libevent14.html
repoview/emaj-debuginfo.html
repoview/emaj.html
repoview/gdal-devel.html
repoview/gdal-java.html
repoview/gdal-javadoc.html
repoview/gdal-libs.html
repoview/gdal-perl.html
repoview/gdal-python.html
repoview/gdal.html
repoview/geos-debuginfo.html
repoview/geos-devel.html
repoview/geos-python.html
repoview/geos.html
repoview/gpsbabel.html
repoview/index.html
repoview/ip4r93-debuginfo.html
repoview/ip4r93.html
repoview/latest-feed.xml
repoview/letter_b.group.html
repoview/letter_c.group.html
repoview/letter_e.group.html
repoview/letter_g.group.html
repoview/letter_i.group.html
repoview/letter_l.group.html
repoview/letter_o.group.html
repoview/letter_p.group.html
repoview/letter_r.group.html
repoview/letter_s.group.html
repoview/letter_t.group.html
repoview/letter_u.group.html
repoview/letter_v.group.html
repoview/libevent-debuginfo.html
repoview/libevent-devel.html
repoview/libevent.html
repoview/libgeotiff-devel.html
repoview/libgeotiff.html
repoview/libmemcached-debuginfo.html
repoview/libmemcached-devel.html
repoview/libmemcached.html
repoview/libpqxx-debuginfo.html
repoview/libpqxx-devel.html
repoview/libpqxx.html
repoview/ora2pg.html
repoview/pagila93.html
repoview/pg_activity.html
repoview/pg_comparator93-debuginfo.html
repoview/pg_comparator93.html
repoview/pg_jobmon93.html
repoview/pg_partman93-debuginfo.html
repoview/pg_partman93.html
repoview/pg_top93-debuginfo.html
repoview/pg_top93.html
repoview/pgadmin3_93-debuginfo.html
repoview/pgadmin3_93-docs.html
repoview/pgadmin3_93.html
repoview/pgbadger.html
repoview/pgbouncer-debuginfo.html
repoview/pgbouncer.html
repoview/pgcluu.html
repoview/pgdg-centos93.html
repoview/pgdg-oraclelinux93.html
repoview/pgdg-redhat93.html
repoview/pgdg-sl93.html
repoview/pgespresso93-debuginfo.html
repoview/pgespresso93.html
repoview/pgfincore93-debuginfo.html
repoview/pgfincore93.html
repoview/pgloader.html
repoview/pgmemcache-93-debuginfo.html
repoview/pgmemcache-93.html
repoview/pgpool-II-93-debuginfo.html
repoview/pgpool-II-93-devel.html
repoview/pgpool-II-93.html
repoview/pgrouting_93-debuginfo.html
repoview/pgrouting_93.html
repoview/pgxnclient-debuginfo.html
repoview/pgxnclient.html
repoview/phpPgAdmin.html
repoview/plproxy93-debuginfo.html
repoview/plproxy93.html
repoview/plr93-debuginfo.html
repoview/plr93.html
repoview/plsh93-debuginfo.html
repoview/plsh93.html
repoview/plv8_93-debuginfo.html
repoview/plv8_93.html
repoview/postgis2_93-client.html
repoview/postgis2_93-debuginfo.html
repoview/postgis2_93-devel.html
repoview/postgis2_93-docs.html
repoview/postgis2_93-utils.html
repoview/postgis2_93.html
repoview/postgresql93-contrib.html
repoview/postgresql93-debuginfo.html
repoview/postgresql93-devel.html
repoview/postgresql93-docs.html
repoview/postgresql93-libs.html
repoview/postgresql93-odbc-debuginfo.html
repoview/postgresql93-odbc.html
repoview/postgresql93-plperl.html
repoview/postgresql93-plpython.html
repoview/postgresql93-pltcl.html
repoview/postgresql93-server.html
repoview/postgresql93-test.html
repoview/postgresql93.html
repoview/postgresql_autodoc.html
repoview/postgresqldbserver93.group.html
repoview/proj-debuginfo.html
repoview/proj-devel.html
repoview/proj-epsg.html
repoview/proj-nad.html
repoview/proj.html
repoview/python-argcomplete.html
repoview/python-argh.html
repoview/python-argparse.html
repoview/python-psycopg2-debuginfo.html
repoview/python-psycopg2-doc.html
repoview/python-psycopg2-test.html
repoview/python-psycopg2.html
repoview/repmgr-debuginfo.html
repoview/repmgr.html
repoview/skytools-93-debuginfo.html
repoview/skytools-93-modules.html
repoview/skytools-93.html
repoview/slony1-93-debuginfo.html
repoview/slony1-93.html
repoview/split_postgres_dump.html
repoview/state.sqlite
repoview/tail_n_mail.html
repoview/usda-r18.html
repoview/v8-devel.html
repoview/v8.html

sent 7980 bytes  received 861273 bytes  193167.33 bytes/sec
total size is 168589517  speedup is 193.95
Spawning worker 0 with 38 pkgs
Workers Finished
Gathering worker results

Saving Primary metadata
Saving file lists metadata
Saving other metadata
Generating sqlite DBs
Sqlite DBs complete
receiving incremental file list
./
barman-1.3.2-1.rhel6.noarch.rpm
pg_jobmon93-1.2.0-1.rhel6.noarch.rpm
pg_partman93-1.7.0-1.rhel6.x86_64.rpm
pg_partman93-debuginfo-1.7.0-1.rhel6.x86_64.rpm
pgespresso93-1.0.0-1.rhel6.x86_64.rpm
pgespresso93-1.0.0-2.rhel6.x86_64.rpm
pgespresso93-debuginfo-1.0.0-1.rhel6.x86_64.rpm
pgespresso93-debuginfo-1.0.0-2.rhel6.x86_64.rpm
repodata/
repodata/102a0fa2c50ae5c5b1c693e6b0e271a7ad83a3ba2af9abc9780905e50a3ed93f-filelists.sqlite.bz2
repodata/3c0797cdbae9c7c2bbe5a1b47f49e1590efd73e479f76a2e0ea35952db95962f-primary.xml.gz
repodata/481473dab2f89c2ef788b42d392ec554002bf0cd2ced3983570395c8ffd56ab6-postgresqldbserver-9.3.xml.gz
repodata/829414b21899f149da4a31764ce07abeda1522ce4c38da2f69bd30249665bbba-postgresqldbserver-9.3.xml
repodata/85dc59ca4aa0abb4b57bd24d0d492e9f049389d618e1978f9206b7546c1fdf3f-filelists.xml.gz
repodata/ad0e19250c4aa4405b2850a5901f400405a36dec5fe60e1fb617f254251b7c74-other.xml.gz
repodata/b6901ea374b77e5a5962ea472432c798e7dc4b721dc3fb8315b42d82eb4f80d5-primary.sqlite.bz2
repodata/d3c554c72985a740abe90668a4e26aaa8b7c6f4146c6d588b440d4fb766a074e-other.sqlite.bz2
repodata/repomd.xml
repoview/
repoview/CGAL.html
repoview/barman.html
repoview/boxinfo.html
repoview/check_postgres.html
repoview/compat-libevent14-debuginfo.html
repoview/compat-libevent14-devel.html
repoview/compat-libevent14.html
repoview/emaj-debuginfo.html
repoview/emaj.html
repoview/gdal-devel.html
repoview/gdal-java.html
repoview/gdal-javadoc.html
repoview/gdal-libs.html
repoview/gdal-perl.html
repoview/gdal-python.html
repoview/gdal.html
repoview/geos-debuginfo.html
repoview/geos-devel.html
repoview/geos-python.html
repoview/geos.html
repoview/gpsbabel.html
repoview/index.html
repoview/ip4r93-debuginfo.html
repoview/ip4r93.html
repoview/latest-feed.xml
repoview/letter_b.group.html
repoview/letter_c.group.html
repoview/letter_e.group.html
repoview/letter_g.group.html
repoview/letter_i.group.html
repoview/letter_l.group.html
repoview/letter_o.group.html
repoview/letter_p.group.html
repoview/letter_r.group.html
repoview/letter_s.group.html
repoview/letter_t.group.html
repoview/letter_u.group.html
repoview/letter_v.group.html
repoview/libevent-debuginfo.html
repoview/libevent-devel.html
repoview/libevent.html
repoview/libgeotiff-devel.html
repoview/libgeotiff.html
repoview/libmemcached-debuginfo.html
repoview/libmemcached-devel.html
repoview/libmemcached.html
repoview/libpqxx-debuginfo.html
repoview/libpqxx-devel.html
repoview/libpqxx.html
repoview/ora2pg.html
repoview/pagila93.html
repoview/pg_activity.html
repoview/pg_comparator93-debuginfo.html
repoview/pg_comparator93.html
repoview/pg_jobmon93.html
repoview/pg_partman93-debuginfo.html
repoview/pg_partman93.html
repoview/pg_top93-debuginfo.html
repoview/pg_top93.html
repoview/pgadmin3_93-debuginfo.html
repoview/pgadmin3_93-docs.html
repoview/pgadmin3_93.html
repoview/pgbadger.html
repoview/pgbouncer-debuginfo.html
repoview/pgbouncer.html
repoview/pgcluu.html
repoview/pgdg-centos93.html
repoview/pgdg-oraclelinux93.html
repoview/pgdg-redhat93.html
repoview/pgdg-sl93.html
repoview/pgespresso93-debuginfo.html
repoview/pgespresso93.html
repoview/pgfincore93-debuginfo.html
repoview/pgfincore93.html
repoview/pgloader.html
repoview/pgmemcache-93-debuginfo.html
repoview/pgmemcache-93.html
repoview/pgpool-II-93-debuginfo.html
repoview/pgpool-II-93-devel.html
repoview/pgpool-II-93.html
repoview/pgrouting_93-debuginfo.html
repoview/pgrouting_93.html
repoview/pgxnclient-debuginfo.html
repoview/pgxnclient.html
repoview/phpPgAdmin.html
repoview/plproxy93-debuginfo.html
repoview/plproxy93.html
repoview/plr93-debuginfo.html
repoview/plr93.html
repoview/plsh93-debuginfo.html
repoview/plsh93.html
repoview/plv8_93-debuginfo.html
repoview/plv8_93.html
repoview/postgis2_93-client.html
repoview/postgis2_93-debuginfo.html
repoview/postgis2_93-devel.html
repoview/postgis2_93-docs.html
repoview/postgis2_93-utils.html
repoview/postgis2_93.html
repoview/postgresql93-contrib.html
repoview/postgresql93-debuginfo.html
repoview/postgresql93-devel.html
repoview/postgresql93-docs.html
repoview/postgresql93-libs.html
repoview/postgresql93-odbc-debuginfo.html
repoview/postgresql93-odbc.html
repoview/postgresql93-plperl.html
repoview/postgresql93-plpython.html
repoview/postgresql93-pltcl.html
repoview/postgresql93-server.html
repoview/postgresql93-test.html
repoview/postgresql93.html
repoview/postgresql_autodoc.html
repoview/postgresqldbserver93.group.html
repoview/proj-debuginfo.html
repoview/proj-devel.html
repoview/proj-epsg.html
repoview/proj-nad.html
repoview/proj.html
repoview/python-argcomplete.html
repoview/python-argh.html
repoview/python-argparse.html
repoview/python-psycopg2-debuginfo.html
repoview/python-psycopg2-doc.html
repoview/python-psycopg2-test.html
repoview/python-psycopg2.html
repoview/repmgr-debuginfo.html
repoview/repmgr.html
repoview/skytools-93-debuginfo.html
repoview/skytools-93-modules.html
repoview/skytools-93.html
repoview/slony1-93-debuginfo.html
repoview/slony1-93.html
repoview/split_postgres_dump.html
repoview/state.sqlite
repoview/tail_n_mail.html
repoview/usda-r18.html
repoview/v8-devel.html
repoview/v8.html

sent 7980 bytes  received 861273 bytes  193167.33 bytes/sec
total size is 168589517  speedup is 193.95
Spawning worker 0 with 38 pkgs
Workers Finished
Gathering worker results

Saving Primary metadata
Saving file lists metadata
Saving other metadata
Generating sqlite DBs
Sqlite DBs complete
receiving incremental file list
./
barman-1.3.2-1.rhel6.noarch.rpm
pg_jobmon93-1.2.0-1.rhel6.noarch.rpm
pg_partman93-1.7.0-1.rhel6.x86_64.rpm
pg_partman93-debuginfo-1.7.0-1.rhel6.x86_64.rpm
pgespresso93-1.0.0-1.rhel6.x86_64.rpm
pgespresso93-1.0.0-2.rhel6.x86_64.rpm
pgespresso93-debuginfo-1.0.0-1.rhel6.x86_64.rpm
pgespresso93-debuginfo-1.0.0-2.rhel6.x86_64.rpm
repodata/
repodata/102a0fa2c50ae5c5b1c693e6b0e271a7ad83a3ba2af9abc9780905e50a3ed93f-filelists.sqlite.bz2
repodata/3c0797cdbae9c7c2bbe5a1b47f49e1590efd73e479f76a2e0ea35952db95962f-primary.xml.gz
repodata/481473dab2f89c2ef788b42d392ec554002bf0cd2ced3983570395c8ffd56ab6-postgresqldbserver-9.3.xml.gz
repodata/829414b21899f149da4a31764ce07abeda1522ce4c38da2f69bd30249665bbba-postgresqldbserver-9.3.xml
repodata/85dc59ca4aa0abb4b57bd24d0d492e9f049389d618e1978f9206b7546c1fdf3f-filelists.xml.gz
repodata/ad0e19250c4aa4405b2850a5901f400405a36dec5fe60e1fb617f254251b7c74-other.xml.gz
repodata/b6901ea374b77e5a5962ea472432c798e7dc4b721dc3fb8315b42d82eb4f80d5-primary.sqlite.bz2
repodata/d3c554c72985a740abe90668a4e26aaa8b7c6f4146c6d588b440d4fb766a074e-other.sqlite.bz2
repodata/repomd.xml
repoview/
repoview/CGAL.html
repoview/barman.html
repoview/boxinfo.html
repoview/check_postgres.html
repoview/compat-libevent14-debuginfo.html
repoview/compat-libevent14-devel.html
repoview/compat-libevent14.html
repoview/emaj-debuginfo.html
repoview/emaj.html
repoview/gdal-devel.html
repoview/gdal-java.html
repoview/gdal-javadoc.html
repoview/gdal-libs.html
repoview/gdal-perl.html
repoview/gdal-python.html
repoview/gdal.html
repoview/geos-debuginfo.html
repoview/geos-devel.html
repoview/geos-python.html
repoview/geos.html
repoview/gpsbabel.html
repoview/index.html
repoview/ip4r93-debuginfo.html
repoview/ip4r93.html
repoview/latest-feed.xml
repoview/letter_b.group.html
repoview/letter_c.group.html
repoview/letter_e.group.html
repoview/letter_g.group.html
repoview/letter_i.group.html
repoview/letter_l.group.html
repoview/letter_o.group.html
repoview/letter_p.group.html
repoview/letter_r.group.html
repoview/letter_s.group.html
repoview/letter_t.group.html
repoview/letter_u.group.html
repoview/letter_v.group.html
repoview/libevent-debuginfo.html
repoview/libevent-devel.html
repoview/libevent.html
repoview/libgeotiff-devel.html
repoview/libgeotiff.html
repoview/libmemcached-debuginfo.html
repoview/libmemcached-devel.html
repoview/libmemcached.html
repoview/libpqxx-debuginfo.html
repoview/libpqxx-devel.html
repoview/libpqxx.html
repoview/ora2pg.html
repoview/pagila93.html
repoview/pg_activity.html
repoview/pg_comparator93-debuginfo.html
repoview/pg_comparator93.html
repoview/pg_jobmon93.html
repoview/pg_partman93-debuginfo.html
repoview/pg_partman93.html
repoview/pg_top93-debuginfo.html
repoview/pg_top93.html
repoview/pgadmin3_93-debuginfo.html
repoview/pgadmin3_93-docs.html
repoview/pgadmin3_93.html
repoview/pgbadger.html
repoview/pgbouncer-debuginfo.html
repoview/pgbouncer.html
repoview/pgcluu.html
repoview/pgdg-centos93.html
repoview/pgdg-oraclelinux93.html
repoview/pgdg-redhat93.html
repoview/pgdg-sl93.html
repoview/pgespresso93-debuginfo.html
repoview/pgespresso93.html
repoview/pgfincore93-debuginfo.html
repoview/pgfincore93.html
repoview/pgloader.html
repoview/pgmemcache-93-debuginfo.html
repoview/pgmemcache-93.html
repoview/pgpool-II-93-debuginfo.html
repoview/pgpool-II-93-devel.html
repoview/pgpool-II-93.html
repoview/pgrouting_93-debuginfo.html
repoview/pgrouting_93.html
repoview/pgxnclient-debuginfo.html
repoview/pgxnclient.html
repoview/phpPgAdmin.html
repoview/plproxy93-debuginfo.html
repoview/plproxy93.html
repoview/plr93-debuginfo.html
repoview/plr93.html
repoview/plsh93-debuginfo.html
repoview/plsh93.html
repoview/plv8_93-debuginfo.html
repoview/plv8_93.html
repoview/postgis2_93-client.html
repoview/postgis2_93-debuginfo.html
repoview/postgis2_93-devel.html
repoview/postgis2_93-docs.html
repoview/postgis2_93-utils.html
repoview/postgis2_93.html
repoview/postgresql93-contrib.html
repoview/postgresql93-debuginfo.html
repoview/postgresql93-devel.html
repoview/postgresql93-docs.html
repoview/postgresql93-libs.html
repoview/postgresql93-odbc-debuginfo.html
repoview/postgresql93-odbc.html
repoview/postgresql93-plperl.html
repoview/postgresql93-plpython.html
repoview/postgresql93-pltcl.html
repoview/postgresql93-server.html
repoview/postgresql93-test.html
repoview/postgresql93.html
repoview/postgresql_autodoc.html
repoview/postgresqldbserver93.group.html
repoview/proj-debuginfo.html
repoview/proj-devel.html
repoview/proj-epsg.html
repoview/proj-nad.html
repoview/proj.html
repoview/python-argcomplete.html
repoview/python-argh.html
repoview/python-argparse.html
repoview/python-psycopg2-debuginfo.html
repoview/python-psycopg2-doc.html
repoview/python-psycopg2-test.html
repoview/python-psycopg2.html
repoview/repmgr-debuginfo.html
repoview/repmgr.html
repoview/skytools-93-debuginfo.html
repoview/skytools-93-modules.html
repoview/skytools-93.html
repoview/slony1-93-debuginfo.html
repoview/slony1-93.html
repoview/split_postgres_dump.html
repoview/state.sqlite
repoview/tail_n_mail.html
repoview/usda-r18.html
repoview/v8-devel.html
repoview/v8.html

sent 7980 bytes  received 861273 bytes  193167.33 bytes/sec
total size is 168589517  speedup is 193.95
Spawning worker 0 with 38 pkgs
Workers Finished
Gathering worker results

Saving Primary metadata
Saving file lists metadata
Saving other metadata
Generating sqlite DBs
Sqlite DBs complete

2014-04-30 03:12:38 Done...
